2026-01-15 19:56:03.786 [http-nio-8080-exec-4] INFO  API_LOG - [ab364457] ▶ POST /api/ai/analyze
2026-01-15 19:56:11.368 [http-nio-8080-exec-4] INFO  API_LOG - [ab364457] ◀ 200 | 7582ms | Body: {"success":true,"data":{"needMoreInfo":true,"questions":[{"id":"cost","question":"1회당 대략 얼마를 지출하시나요?","type":"number","options":null},{"id":"frequency","question":"일주일에 몇 번 정도 하시나요?","type":"number","options":null},{"id":"duration","question":"1회당 몇 시간 정도 하시나요?","type":"number","options":null}]}}
2026-01-15 19:56:33.574 [http-nio-8080-exec-8] INFO  API_LOG - [e01adbdb] ▶ POST /api/ai/analyze/complete
2026-01-15 19:56:39.840 [http-nio-8080-exec-8] INFO  API_LOG - [e01adbdb] ◀ 200 | 6266ms | Body: {"success":true,"data":{"value":10000,"breakdown":{"directCost":7000,"healthCost":1000,"opportunityCost":1000,"psychologicalCost":1000},"explanation":"기본값으로 산정되었습니다. 다시 시도해주세요.","sources":["기본값"]}}
2026-01-15 20:27:14.679 [http-nio-8080-exec-1] INFO  API_LOG - [ed82bd79] ▶ GET /api/auth/kakao/login-url
2026-01-15 20:27:14.695 [http-nio-8080-exec-1] INFO  API_LOG - [ed82bd79] ◀ 200 | 16ms | Body: {"success":true,"data":"https://kauth.kakao.com/oauth/authorize?client_id=648cda3d486be2df129bca08f78e3009&redirect_uri=http://localhost:8080/api/auth/kakao/callback&response_type=code"}
2026-01-15 20:27:15.061 [http-nio-8080-exec-2] INFO  API_LOG - [22ae7437] ▶ GET /api/auth/kakao/callback?code=6x3Ll0Hv6QHLRTujTq5U5a884yIF7kMHnBlKeIvNotdjTGfVRJFclwAAAAQKFyEtAAABm8Fo4n-oblpFv_zasg
2026-01-15 20:27:15.528 [http-nio-8080-exec-2] INFO  API_LOG - [22ae7437] ◀ 200 | 467ms | Body: {"success":true,"data":{"userId":3,"email":"jjtjdalssla10@daum.net","nickname":"권성민","profileImage":"http://img1.kakaocdn.net/thumb/R640x640.q70/?fname=http://t1.kakaocdn.net/account_images/default_profile.jpeg","accessToken":"eyJhbGciOiJIUzUxMiJ9.eyJzdWIiOiIzIiwiZW1haWwiOiJqanRqZGFsc3NsYTEwQGRhdW0ubmV0IiwiaWF0IjoxNzY4NDc2NDM1LCJleHAiOjE3Njg0NzgyMzV9.K0MEOmu-tTFg2LRaZkg_z868OOLkOROl1LvkVlRiacHtq_39_YpmT4st_ZloDbJTtvpJybV8Dsz4CrzUs8zDhA","refreshToken":"a8f6246d-72c7-4301-b7e3-2c25ac9b7082","newU...(truncated)
2026-01-15 20:30:28.353 [http-nio-8080-exec-4] INFO  API_LOG - [49e0b969] ▶ GET /api/auth/verify
2026-01-15 20:30:28.355 [http-nio-8080-exec-4] INFO  API_LOG - [49e0b969] ◀ 200 | 2ms | Body: {"success":true,"data":true,"message":"토큰이 유효합니다"}
2026-01-15 20:30:28.396 [http-nio-8080-exec-5] INFO  API_LOG - [0126551a] ▶ GET /api/habits
2026-01-15 20:30:28.411 [http-nio-8080-exec-5] INFO  API_LOG - [0126551a] ◀ 200 | 15ms | Body: {"success":true,"data":[{"id":1,"name":"배달음식","category":"EATING","reason":"돈이 너무 많이 나가요","icon":"\uD83C\uDF55","baseValue":15000,"aiValue":18500,"aiDescription":"배달음식 1회 평균 15,000원 + 건강비용","effectiveValue":18500,"isActive":true,"displayOrder":1,"lastSavedAt":null,"createdAt":"2025-12-31 14:31:18"}]}
2026-01-15 20:30:29.378 [http-nio-8080-exec-6] INFO  API_LOG - [c0ecdc55] ▶ GET /api/auth/verify
2026-01-15 20:30:29.379 [http-nio-8080-exec-6] INFO  API_LOG - [c0ecdc55] ◀ 200 | 1ms | Body: {"success":true,"data":true,"message":"토큰이 유효합니다"}
2026-01-15 20:30:30.324 [http-nio-8080-exec-7] INFO  API_LOG - [236f7303] ▶ GET /api/auth/verify
2026-01-15 20:30:30.326 [http-nio-8080-exec-7] INFO  API_LOG - [236f7303] ◀ 200 | 2ms | Body: {"success":true,"data":true,"message":"토큰이 유효합니다"}
2026-01-15 20:30:31.325 [http-nio-8080-exec-8] INFO  API_LOG - [3c90d61a] ▶ GET /api/auth/verify
2026-01-15 20:30:31.327 [http-nio-8080-exec-8] INFO  API_LOG - [3c90d61a] ◀ 200 | 2ms | Body: {"success":true,"data":true,"message":"토큰이 유효합니다"}
2026-01-15 20:30:32.329 [http-nio-8080-exec-9] INFO  API_LOG - [6227fb06] ▶ GET /api/auth/verify
2026-01-15 20:30:32.331 [http-nio-8080-exec-9] INFO  API_LOG - [6227fb06] ◀ 200 | 2ms | Body: {"success":true,"data":true,"message":"토큰이 유효합니다"}
2026-01-15 20:30:33.328 [http-nio-8080-exec-10] INFO  API_LOG - [fa545635] ▶ GET /api/auth/verify
2026-01-15 20:30:33.329 [http-nio-8080-exec-10] INFO  API_LOG - [fa545635] ◀ 200 | 1ms | Body: {"success":true,"data":true,"message":"토큰이 유효합니다"}
2026-01-15 20:30:34.334 [http-nio-8080-exec-1] INFO  API_LOG - [f34c28cd] ▶ GET /api/auth/verify
2026-01-15 20:30:34.335 [http-nio-8080-exec-1] INFO  API_LOG - [f34c28cd] ◀ 200 | 1ms | Body: {"success":true,"data":true,"message":"토큰이 유효합니다"}
2026-01-15 20:30:35.333 [http-nio-8080-exec-2] INFO  API_LOG - [a064d7d7] ▶ GET /api/auth/verify
2026-01-15 20:30:35.336 [http-nio-8080-exec-2] INFO  API_LOG - [a064d7d7] ◀ 200 | 2ms | Body: {"success":true,"data":true,"message":"토큰이 유효합니다"}
2026-01-15 20:30:36.328 [http-nio-8080-exec-3] INFO  API_LOG - [fc03ec75] ▶ GET /api/auth/verify
2026-01-15 20:30:36.328 [http-nio-8080-exec-3] INFO  API_LOG - [fc03ec75] ◀ 200 | 0ms | Body: {"success":true,"data":true,"message":"토큰이 유효합니다"}
2026-01-15 20:30:37.332 [http-nio-8080-exec-4] INFO  API_LOG - [259afed5] ▶ GET /api/auth/verify
2026-01-15 20:30:37.333 [http-nio-8080-exec-4] INFO  API_LOG - [259afed5] ◀ 200 | 1ms | Body: {"success":true,"data":true,"message":"토큰이 유효합니다"}
2026-01-15 20:30:38.355 [http-nio-8080-exec-5] INFO  API_LOG - [aeb19bd8] ▶ GET /api/auth/verify
2026-01-15 20:30:38.356 [http-nio-8080-exec-5] INFO  API_LOG - [aeb19bd8] ◀ 200 | 1ms | Body: {"success":true,"data":true,"message":"토큰이 유효합니다"}
2026-01-15 20:30:39.330 [http-nio-8080-exec-6] INFO  API_LOG - [9e30733e] ▶ GET /api/auth/verify
2026-01-15 20:30:39.331 [http-nio-8080-exec-6] INFO  API_LOG - [9e30733e] ◀ 200 | 1ms | Body: {"success":true,"data":true,"message":"토큰이 유효합니다"}
2026-01-15 20:30:40.331 [http-nio-8080-exec-7] INFO  API_LOG - [7f3113ba] ▶ GET /api/auth/verify
2026-01-15 20:30:40.333 [http-nio-8080-exec-7] INFO  API_LOG - [7f3113ba] ◀ 200 | 1ms | Body: {"success":true,"data":true,"message":"토큰이 유효합니다"}
2026-01-15 20:30:41.332 [http-nio-8080-exec-8] INFO  API_LOG - [16772b2b] ▶ GET /api/auth/verify
2026-01-15 20:30:41.333 [http-nio-8080-exec-8] INFO  API_LOG - [16772b2b] ◀ 200 | 1ms | Body: {"success":true,"data":true,"message":"토큰이 유효합니다"}
2026-01-15 20:30:42.336 [http-nio-8080-exec-9] INFO  API_LOG - [e475c431] ▶ GET /api/auth/verify
2026-01-15 20:30:42.338 [http-nio-8080-exec-9] INFO  API_LOG - [e475c431] ◀ 200 | 2ms | Body: {"success":true,"data":true,"message":"토큰이 유효합니다"}
2026-01-15 20:30:43.332 [http-nio-8080-exec-10] INFO  API_LOG - [ddb113cb] ▶ GET /api/auth/verify
2026-01-15 20:30:43.334 [http-nio-8080-exec-10] INFO  API_LOG - [ddb113cb] ◀ 200 | 2ms | Body: {"success":true,"data":true,"message":"토큰이 유효합니다"}
2026-01-15 20:30:44.334 [http-nio-8080-exec-1] INFO  API_LOG - [e1362682] ▶ GET /api/auth/verify
2026-01-15 20:30:44.335 [http-nio-8080-exec-1] INFO  API_LOG - [e1362682] ◀ 200 | 1ms | Body: {"success":true,"data":true,"message":"토큰이 유효합니다"}
2026-01-15 20:30:45.338 [http-nio-8080-exec-2] INFO  API_LOG - [0fd23df8] ▶ GET /api/auth/verify
2026-01-15 20:30:45.339 [http-nio-8080-exec-2] INFO  API_LOG - [0fd23df8] ◀ 200 | 1ms | Body: {"success":true,"data":true,"message":"토큰이 유효합니다"}
2026-01-15 20:30:46.338 [http-nio-8080-exec-3] INFO  API_LOG - [85a5ba5d] ▶ GET /api/auth/verify
2026-01-15 20:30:46.339 [http-nio-8080-exec-3] INFO  API_LOG - [85a5ba5d] ◀ 200 | 1ms | Body: {"success":true,"data":true,"message":"토큰이 유효합니다"}
2026-01-15 20:30:47.336 [http-nio-8080-exec-4] INFO  API_LOG - [a4d422e7] ▶ GET /api/auth/verify
2026-01-15 20:30:47.337 [http-nio-8080-exec-4] INFO  API_LOG - [a4d422e7] ◀ 200 | 1ms | Body: {"success":true,"data":true,"message":"토큰이 유효합니다"}
2026-01-15 20:30:48.339 [http-nio-8080-exec-5] INFO  API_LOG - [4c0bb76c] ▶ GET /api/auth/verify
2026-01-15 20:30:48.339 [http-nio-8080-exec-5] INFO  API_LOG - [4c0bb76c] ◀ 200 | 0ms | Body: {"success":true,"data":true,"message":"토큰이 유효합니다"}
2026-01-15 20:30:49.335 [http-nio-8080-exec-6] INFO  API_LOG - [3af7a669] ▶ GET /api/auth/verify
2026-01-15 20:30:49.337 [http-nio-8080-exec-6] INFO  API_LOG - [3af7a669] ◀ 200 | 2ms | Body: {"success":true,"data":true,"message":"토큰이 유효합니다"}
2026-01-15 20:30:50.337 [http-nio-8080-exec-7] INFO  API_LOG - [512c26eb] ▶ GET /api/auth/verify
2026-01-15 20:30:50.338 [http-nio-8080-exec-7] INFO  API_LOG - [512c26eb] ◀ 200 | 1ms | Body: {"success":true,"data":true,"message":"토큰이 유효합니다"}
2026-01-15 20:30:51.340 [http-nio-8080-exec-8] INFO  API_LOG - [82439c4f] ▶ GET /api/auth/verify
2026-01-15 20:30:51.341 [http-nio-8080-exec-8] INFO  API_LOG - [82439c4f] ◀ 200 | 1ms | Body: {"success":true,"data":true,"message":"토큰이 유효합니다"}
2026-01-15 20:30:52.336 [http-nio-8080-exec-9] INFO  API_LOG - [51806642] ▶ GET /api/auth/verify
2026-01-15 20:30:52.337 [http-nio-8080-exec-9] INFO  API_LOG - [51806642] ◀ 200 | 1ms | Body: {"success":true,"data":true,"message":"토큰이 유효합니다"}
2026-01-15 20:30:53.335 [http-nio-8080-exec-10] INFO  API_LOG - [3b269d43] ▶ GET /api/auth/verify
2026-01-15 20:30:53.337 [http-nio-8080-exec-10] INFO  API_LOG - [3b269d43] ◀ 200 | 2ms | Body: {"success":true,"data":true,"message":"토큰이 유효합니다"}
2026-01-15 20:30:54.342 [http-nio-8080-exec-1] INFO  API_LOG - [f137410c] ▶ GET /api/auth/verify
2026-01-15 20:30:54.343 [http-nio-8080-exec-1] INFO  API_LOG - [f137410c] ◀ 200 | 1ms | Body: {"success":true,"data":true,"message":"토큰이 유효합니다"}
2026-01-15 20:30:55.338 [http-nio-8080-exec-2] INFO  API_LOG - [298c7cac] ▶ GET /api/auth/verify
2026-01-15 20:30:55.340 [http-nio-8080-exec-2] INFO  API_LOG - [298c7cac] ◀ 200 | 2ms | Body: {"success":true,"data":true,"message":"토큰이 유효합니다"}
2026-01-15 20:30:56.336 [http-nio-8080-exec-3] INFO  API_LOG - [a419fb83] ▶ GET /api/auth/verify
2026-01-15 20:30:56.337 [http-nio-8080-exec-3] INFO  API_LOG - [a419fb83] ◀ 200 | 1ms | Body: {"success":true,"data":true,"message":"토큰이 유효합니다"}
2026-01-15 20:30:57.335 [http-nio-8080-exec-4] INFO  API_LOG - [c971d5f0] ▶ GET /api/auth/verify
2026-01-15 20:30:57.336 [http-nio-8080-exec-4] INFO  API_LOG - [c971d5f0] ◀ 200 | 1ms | Body: {"success":true,"data":true,"message":"토큰이 유효합니다"}
2026-01-15 20:30:58.343 [http-nio-8080-exec-5] INFO  API_LOG - [af15f3fd] ▶ GET /api/auth/verify
2026-01-15 20:30:58.344 [http-nio-8080-exec-5] INFO  API_LOG - [af15f3fd] ◀ 200 | 2ms | Body: {"success":true,"data":true,"message":"토큰이 유효합니다"}
2026-01-15 20:30:59.338 [http-nio-8080-exec-6] INFO  API_LOG - [c51dbf9f] ▶ GET /api/auth/verify
2026-01-15 20:30:59.339 [http-nio-8080-exec-6] INFO  API_LOG - [c51dbf9f] ◀ 200 | 1ms | Body: {"success":true,"data":true,"message":"토큰이 유효합니다"}
2026-01-15 20:31:00.341 [http-nio-8080-exec-7] INFO  API_LOG - [f15e1622] ▶ GET /api/auth/verify
2026-01-15 20:31:00.342 [http-nio-8080-exec-7] INFO  API_LOG - [f15e1622] ◀ 200 | 1ms | Body: {"success":true,"data":true,"message":"토큰이 유효합니다"}
2026-01-15 20:31:01.336 [http-nio-8080-exec-8] INFO  API_LOG - [05a2571b] ▶ GET /api/auth/verify
2026-01-15 20:31:01.336 [http-nio-8080-exec-8] INFO  API_LOG - [05a2571b] ◀ 200 | 0ms | Body: {"success":true,"data":true,"message":"토큰이 유효합니다"}
2026-01-15 20:31:02.348 [http-nio-8080-exec-9] INFO  API_LOG - [60686054] ▶ GET /api/auth/verify
2026-01-15 20:31:02.350 [http-nio-8080-exec-9] INFO  API_LOG - [60686054] ◀ 200 | 2ms | Body: {"success":true,"data":true,"message":"토큰이 유효합니다"}
2026-01-15 20:31:03.375 [http-nio-8080-exec-10] INFO  API_LOG - [a8922232] ▶ GET /api/auth/verify
2026-01-15 20:31:03.376 [http-nio-8080-exec-10] INFO  API_LOG - [a8922232] ◀ 200 | 1ms | Body: {"success":true,"data":true,"message":"토큰이 유효합니다"}
2026-01-15 20:31:04.398 [http-nio-8080-exec-1] INFO  API_LOG - [12d6e8dd] ▶ GET /api/auth/verify
2026-01-15 20:31:04.399 [http-nio-8080-exec-1] INFO  API_LOG - [12d6e8dd] ◀ 200 | 1ms | Body: {"success":true,"data":true,"message":"토큰이 유효합니다"}
2026-01-15 20:31:05.348 [http-nio-8080-exec-2] INFO  API_LOG - [39571212] ▶ GET /api/auth/verify
2026-01-15 20:31:05.349 [http-nio-8080-exec-2] INFO  API_LOG - [39571212] ◀ 200 | 1ms | Body: {"success":true,"data":true,"message":"토큰이 유효합니다"}
2026-01-15 20:31:06.348 [http-nio-8080-exec-3] INFO  API_LOG - [4d14279c] ▶ GET /api/auth/verify
2026-01-15 20:31:06.349 [http-nio-8080-exec-3] INFO  API_LOG - [4d14279c] ◀ 200 | 1ms | Body: {"success":true,"data":true,"message":"토큰이 유효합니다"}
2026-01-15 20:31:07.366 [http-nio-8080-exec-4] INFO  API_LOG - [b5772643] ▶ GET /api/auth/verify
2026-01-15 20:31:07.368 [http-nio-8080-exec-4] INFO  API_LOG - [b5772643] ◀ 200 | 2ms | Body: {"success":true,"data":true,"message":"토큰이 유효합니다"}
2026-01-15 20:31:08.385 [http-nio-8080-exec-5] INFO  API_LOG - [e0937251] ▶ GET /api/auth/verify
2026-01-15 20:31:08.386 [http-nio-8080-exec-5] INFO  API_LOG - [e0937251] ◀ 200 | 1ms | Body: {"success":true,"data":true,"message":"토큰이 유효합니다"}
2026-01-15 20:31:09.352 [http-nio-8080-exec-6] INFO  API_LOG - [0eac3c2c] ▶ GET /api/auth/verify
2026-01-15 20:31:09.354 [http-nio-8080-exec-6] INFO  API_LOG - [0eac3c2c] ◀ 200 | 2ms | Body: {"success":true,"data":true,"message":"토큰이 유효합니다"}
2026-01-15 20:31:10.438 [http-nio-8080-exec-7] INFO  API_LOG - [7910f654] ▶ GET /api/auth/verify
2026-01-15 20:31:10.440 [http-nio-8080-exec-7] INFO  API_LOG - [7910f654] ◀ 200 | 2ms | Body: {"success":true,"data":true,"message":"토큰이 유효합니다"}
2026-01-15 20:31:11.349 [http-nio-8080-exec-8] INFO  API_LOG - [42cc6261] ▶ GET /api/auth/verify
2026-01-15 20:31:11.350 [http-nio-8080-exec-8] INFO  API_LOG - [42cc6261] ◀ 200 | 1ms | Body: {"success":true,"data":true,"message":"토큰이 유효합니다"}
2026-01-15 20:31:12.383 [http-nio-8080-exec-9] INFO  API_LOG - [8f5d24d6] ▶ GET /api/auth/verify
2026-01-15 20:31:12.385 [http-nio-8080-exec-9] INFO  API_LOG - [8f5d24d6] ◀ 200 | 2ms | Body: {"success":true,"data":true,"message":"토큰이 유효합니다"}
2026-01-15 20:31:13.348 [http-nio-8080-exec-10] INFO  API_LOG - [56ad74b1] ▶ GET /api/auth/verify
2026-01-15 20:31:13.350 [http-nio-8080-exec-10] INFO  API_LOG - [56ad74b1] ◀ 200 | 2ms | Body: {"success":true,"data":true,"message":"토큰이 유효합니다"}
2026-01-15 20:31:14.432 [http-nio-8080-exec-1] INFO  API_LOG - [c96a653f] ▶ GET /api/auth/verify
2026-01-15 20:31:14.433 [http-nio-8080-exec-1] INFO  API_LOG - [c96a653f] ◀ 200 | 1ms | Body: {"success":true,"data":true,"message":"토큰이 유효합니다"}
2026-01-15 20:31:15.354 [http-nio-8080-exec-2] INFO  API_LOG - [ea2c8931] ▶ GET /api/auth/verify
2026-01-15 20:31:15.355 [http-nio-8080-exec-2] INFO  API_LOG - [ea2c8931] ◀ 200 | 1ms | Body: {"success":true,"data":true,"message":"토큰이 유효합니다"}
2026-01-15 20:31:16.348 [http-nio-8080-exec-3] INFO  API_LOG - [d47ea279] ▶ GET /api/auth/verify
2026-01-15 20:31:16.349 [http-nio-8080-exec-3] INFO  API_LOG - [d47ea279] ◀ 200 | 1ms | Body: {"success":true,"data":true,"message":"토큰이 유효합니다"}
2026-01-15 20:31:17.402 [http-nio-8080-exec-4] INFO  API_LOG - [e86c832e] ▶ GET /api/auth/verify
2026-01-15 20:31:17.403 [http-nio-8080-exec-4] INFO  API_LOG - [e86c832e] ◀ 200 | 1ms | Body: {"success":true,"data":true,"message":"토큰이 유효합니다"}
2026-01-15 20:31:18.403 [http-nio-8080-exec-5] INFO  API_LOG - [0522ef82] ▶ GET /api/auth/verify
2026-01-15 20:31:18.405 [http-nio-8080-exec-5] INFO  API_LOG - [0522ef82] ◀ 200 | 2ms | Body: {"success":true,"data":true,"message":"토큰이 유효합니다"}
2026-01-15 20:31:19.449 [http-nio-8080-exec-6] INFO  API_LOG - [3f9192f8] ▶ GET /api/auth/verify
2026-01-15 20:31:19.451 [http-nio-8080-exec-6] INFO  API_LOG - [3f9192f8] ◀ 200 | 2ms | Body: {"success":true,"data":true,"message":"토큰이 유효합니다"}
2026-01-15 20:31:20.371 [http-nio-8080-exec-7] INFO  API_LOG - [a4fd7126] ▶ GET /api/auth/verify
2026-01-15 20:31:20.372 [http-nio-8080-exec-7] INFO  API_LOG - [a4fd7126] ◀ 200 | 1ms | Body: {"success":true,"data":true,"message":"토큰이 유효합니다"}
2026-01-15 20:31:21.348 [http-nio-8080-exec-8] INFO  API_LOG - [d882a6bf] ▶ GET /api/auth/verify
2026-01-15 20:31:21.349 [http-nio-8080-exec-8] INFO  API_LOG - [d882a6bf] ◀ 200 | 1ms | Body: {"success":true,"data":true,"message":"토큰이 유효합니다"}
2026-01-15 20:31:22.346 [http-nio-8080-exec-9] INFO  API_LOG - [e58fe2d0] ▶ GET /api/auth/verify
2026-01-15 20:31:22.347 [http-nio-8080-exec-9] INFO  API_LOG - [e58fe2d0] ◀ 200 | 1ms | Body: {"success":true,"data":true,"message":"토큰이 유효합니다"}
2026-01-15 20:31:23.414 [http-nio-8080-exec-10] INFO  API_LOG - [26512aa5] ▶ GET /api/auth/verify
2026-01-15 20:31:23.415 [http-nio-8080-exec-10] INFO  API_LOG - [26512aa5] ◀ 200 | 1ms | Body: {"success":true,"data":true,"message":"토큰이 유효합니다"}
2026-01-15 20:31:24.364 [http-nio-8080-exec-1] INFO  API_LOG - [5ce0af6e] ▶ GET /api/auth/verify
2026-01-15 20:31:24.365 [http-nio-8080-exec-1] INFO  API_LOG - [5ce0af6e] ◀ 200 | 1ms | Body: {"success":true,"data":true,"message":"토큰이 유효합니다"}
2026-01-15 20:31:25.388 [http-nio-8080-exec-2] INFO  API_LOG - [78a897bc] ▶ GET /api/auth/verify
2026-01-15 20:31:25.389 [http-nio-8080-exec-2] INFO  API_LOG - [78a897bc] ◀ 200 | 1ms | Body: {"success":true,"data":true,"message":"토큰이 유효합니다"}
2026-01-15 20:31:26.412 [http-nio-8080-exec-3] INFO  API_LOG - [456db2c0] ▶ GET /api/auth/verify
2026-01-15 20:31:26.415 [http-nio-8080-exec-3] INFO  API_LOG - [456db2c0] ◀ 200 | 2ms | Body: {"success":true,"data":true,"message":"토큰이 유효합니다"}
2026-01-15 20:31:27.435 [http-nio-8080-exec-4] INFO  API_LOG - [e6847647] ▶ GET /api/auth/verify
2026-01-15 20:31:27.436 [http-nio-8080-exec-4] INFO  API_LOG - [e6847647] ◀ 200 | 1ms | Body: {"success":true,"data":true,"message":"토큰이 유효합니다"}
2026-01-15 20:31:28.358 [http-nio-8080-exec-5] INFO  API_LOG - [00194b18] ▶ GET /api/auth/verify
2026-01-15 20:31:28.360 [http-nio-8080-exec-5] INFO  API_LOG - [00194b18] ◀ 200 | 2ms | Body: {"success":true,"data":true,"message":"토큰이 유효합니다"}
2026-01-15 20:31:29.381 [http-nio-8080-exec-6] INFO  API_LOG - [8c12d120] ▶ GET /api/auth/verify
2026-01-15 20:31:29.382 [http-nio-8080-exec-6] INFO  API_LOG - [8c12d120] ◀ 200 | 1ms | Body: {"success":true,"data":true,"message":"토큰이 유효합니다"}
2026-01-15 20:31:30.351 [http-nio-8080-exec-7] INFO  API_LOG - [476f4d6f] ▶ GET /api/auth/verify
2026-01-15 20:31:30.353 [http-nio-8080-exec-7] INFO  API_LOG - [476f4d6f] ◀ 200 | 2ms | Body: {"success":true,"data":true,"message":"토큰이 유효합니다"}
2026-01-15 20:31:31.430 [http-nio-8080-exec-8] INFO  API_LOG - [2e8a1bc7] ▶ GET /api/auth/verify
2026-01-15 20:31:31.431 [http-nio-8080-exec-8] INFO  API_LOG - [2e8a1bc7] ◀ 200 | 1ms | Body: {"success":true,"data":true,"message":"토큰이 유효합니다"}
2026-01-15 20:31:32.349 [http-nio-8080-exec-9] INFO  API_LOG - [4dbd5ef2] ▶ GET /api/auth/verify
2026-01-15 20:31:32.351 [http-nio-8080-exec-9] INFO  API_LOG - [4dbd5ef2] ◀ 200 | 2ms | Body: {"success":true,"data":true,"message":"토큰이 유효합니다"}
2026-01-15 20:31:33.376 [http-nio-8080-exec-10] INFO  API_LOG - [cf7a7cf7] ▶ GET /api/auth/verify
2026-01-15 20:31:33.377 [http-nio-8080-exec-10] INFO  API_LOG - [cf7a7cf7] ◀ 200 | 1ms | Body: {"success":true,"data":true,"message":"토큰이 유효합니다"}
2026-01-15 20:31:34.363 [http-nio-8080-exec-1] INFO  API_LOG - [29328a90] ▶ GET /api/auth/verify
2026-01-15 20:31:34.365 [http-nio-8080-exec-1] INFO  API_LOG - [29328a90] ◀ 200 | 1ms | Body: {"success":true,"data":true,"message":"토큰이 유효합니다"}
2026-01-15 20:31:35.421 [http-nio-8080-exec-2] INFO  API_LOG - [a20008d7] ▶ GET /api/auth/verify
2026-01-15 20:31:35.422 [http-nio-8080-exec-2] INFO  API_LOG - [a20008d7] ◀ 200 | 1ms | Body: {"success":true,"data":true,"message":"토큰이 유효합니다"}
2026-01-15 20:31:36.409 [http-nio-8080-exec-3] INFO  API_LOG - [9147396d] ▶ GET /api/auth/verify
2026-01-15 20:31:36.411 [http-nio-8080-exec-3] INFO  API_LOG - [9147396d] ◀ 200 | 2ms | Body: {"success":true,"data":true,"message":"토큰이 유효합니다"}
2026-01-15 20:31:37.369 [http-nio-8080-exec-4] INFO  API_LOG - [93d3a22b] ▶ GET /api/auth/verify
2026-01-15 20:31:37.370 [http-nio-8080-exec-4] INFO  API_LOG - [93d3a22b] ◀ 200 | 1ms | Body: {"success":true,"data":true,"message":"토큰이 유효합니다"}
2026-01-15 20:31:38.392 [http-nio-8080-exec-5] INFO  API_LOG - [379b3cf6] ▶ GET /api/auth/verify
2026-01-15 20:31:38.393 [http-nio-8080-exec-5] INFO  API_LOG - [379b3cf6] ◀ 200 | 1ms | Body: {"success":true,"data":true,"message":"토큰이 유효합니다"}
2026-01-15 20:31:39.416 [http-nio-8080-exec-6] INFO  API_LOG - [eeadc8c7] ▶ GET /api/auth/verify
2026-01-15 20:31:39.418 [http-nio-8080-exec-6] INFO  API_LOG - [eeadc8c7] ◀ 200 | 1ms | Body: {"success":true,"data":true,"message":"토큰이 유효합니다"}
2026-01-15 20:31:40.441 [http-nio-8080-exec-7] INFO  API_LOG - [b019d4f0] ▶ GET /api/auth/verify
2026-01-15 20:31:40.442 [http-nio-8080-exec-7] INFO  API_LOG - [b019d4f0] ◀ 200 | 1ms | Body: {"success":true,"data":true,"message":"토큰이 유효합니다"}
2026-01-15 20:31:41.363 [http-nio-8080-exec-8] INFO  API_LOG - [764316b0] ▶ GET /api/auth/verify
2026-01-15 20:31:41.365 [http-nio-8080-exec-8] INFO  API_LOG - [764316b0] ◀ 200 | 2ms | Body: {"success":true,"data":true,"message":"토큰이 유효합니다"}
2026-01-15 20:31:42.387 [http-nio-8080-exec-9] INFO  API_LOG - [2a0c36cc] ▶ GET /api/auth/verify
2026-01-15 20:31:42.389 [http-nio-8080-exec-9] INFO  API_LOG - [2a0c36cc] ◀ 200 | 2ms | Body: {"success":true,"data":true,"message":"토큰이 유효합니다"}
2026-01-15 20:31:43.482 [http-nio-8080-exec-10] INFO  API_LOG - [5132cac2] ▶ GET /api/auth/verify
2026-01-15 20:31:43.484 [http-nio-8080-exec-10] INFO  API_LOG - [5132cac2] ◀ 200 | 2ms | Body: {"success":true,"data":true,"message":"토큰이 유효합니다"}
2026-01-15 20:31:44.435 [http-nio-8080-exec-1] INFO  API_LOG - [d8f8a63e] ▶ GET /api/auth/verify
2026-01-15 20:31:44.437 [http-nio-8080-exec-1] INFO  API_LOG - [d8f8a63e] ◀ 200 | 2ms | Body: {"success":true,"data":true,"message":"토큰이 유효합니다"}
2026-01-15 20:31:45.461 [http-nio-8080-exec-2] INFO  API_LOG - [0d4f2d06] ▶ GET /api/auth/verify
2026-01-15 20:31:45.463 [http-nio-8080-exec-2] INFO  API_LOG - [0d4f2d06] ◀ 200 | 2ms | Body: {"success":true,"data":true,"message":"토큰이 유효합니다"}
2026-01-15 20:31:46.357 [http-nio-8080-exec-3] INFO  API_LOG - [bcf0f04c] ▶ GET /api/auth/verify
2026-01-15 20:31:46.359 [http-nio-8080-exec-3] INFO  API_LOG - [bcf0f04c] ◀ 200 | 2ms | Body: {"success":true,"data":true,"message":"토큰이 유효합니다"}
2026-01-15 20:31:47.404 [http-nio-8080-exec-4] INFO  API_LOG - [68067d61] ▶ GET /api/auth/verify
2026-01-15 20:31:47.406 [http-nio-8080-exec-4] INFO  API_LOG - [68067d61] ◀ 200 | 1ms | Body: {"success":true,"data":true,"message":"토큰이 유효합니다"}
2026-01-15 20:31:48.429 [http-nio-8080-exec-5] INFO  API_LOG - [93681453] ▶ GET /api/auth/verify
2026-01-15 20:31:48.430 [http-nio-8080-exec-5] INFO  API_LOG - [93681453] ◀ 200 | 1ms | Body: {"success":true,"data":true,"message":"토큰이 유효합니다"}
2026-01-15 20:31:49.451 [http-nio-8080-exec-6] INFO  API_LOG - [152a56bc] ▶ GET /api/auth/verify
2026-01-15 20:31:49.451 [http-nio-8080-exec-6] INFO  API_LOG - [152a56bc] ◀ 200 | 0ms | Body: {"success":true,"data":true,"message":"토큰이 유효합니다"}
2026-01-15 20:31:50.374 [http-nio-8080-exec-7] INFO  API_LOG - [f578a277] ▶ GET /api/auth/verify
2026-01-15 20:31:50.375 [http-nio-8080-exec-7] INFO  API_LOG - [f578a277] ◀ 200 | 1ms | Body: {"success":true,"data":true,"message":"토큰이 유효합니다"}
2026-01-15 20:31:51.398 [http-nio-8080-exec-8] INFO  API_LOG - [228ecb0c] ▶ GET /api/auth/verify
2026-01-15 20:31:51.400 [http-nio-8080-exec-8] INFO  API_LOG - [228ecb0c] ◀ 200 | 2ms | Body: {"success":true,"data":true,"message":"토큰이 유효합니다"}
2026-01-15 20:31:52.421 [http-nio-8080-exec-9] INFO  API_LOG - [ec695b93] ▶ GET /api/auth/verify
2026-01-15 20:31:52.422 [http-nio-8080-exec-9] INFO  API_LOG - [ec695b93] ◀ 200 | 1ms | Body: {"success":true,"data":true,"message":"토큰이 유효합니다"}
2026-01-15 20:31:53.353 [http-nio-8080-exec-10] INFO  API_LOG - [5b7b2c09] ▶ GET /api/auth/verify
2026-01-15 20:31:53.355 [http-nio-8080-exec-10] INFO  API_LOG - [5b7b2c09] ◀ 200 | 2ms | Body: {"success":true,"data":true,"message":"토큰이 유효합니다"}
2026-01-15 20:31:54.367 [http-nio-8080-exec-1] INFO  API_LOG - [d2216858] ▶ GET /api/auth/verify
2026-01-15 20:31:54.368 [http-nio-8080-exec-1] INFO  API_LOG - [d2216858] ◀ 200 | 1ms | Body: {"success":true,"data":true,"message":"토큰이 유효합니다"}
2026-01-15 20:31:55.354 [http-nio-8080-exec-2] INFO  API_LOG - [9244b085] ▶ GET /api/auth/verify
2026-01-15 20:31:55.355 [http-nio-8080-exec-2] INFO  API_LOG - [9244b085] ◀ 200 | 1ms | Body: {"success":true,"data":true,"message":"토큰이 유효합니다"}
2026-01-15 20:31:56.416 [http-nio-8080-exec-3] INFO  API_LOG - [457d0878] ▶ GET /api/auth/verify
2026-01-15 20:31:56.417 [http-nio-8080-exec-3] INFO  API_LOG - [457d0878] ◀ 200 | 1ms | Body: {"success":true,"data":true,"message":"토큰이 유효합니다"}
2026-01-15 20:31:57.352 [http-nio-8080-exec-4] INFO  API_LOG - [be24767d] ▶ GET /api/auth/verify
2026-01-15 20:31:57.353 [http-nio-8080-exec-4] INFO  API_LOG - [be24767d] ◀ 200 | 1ms | Body: {"success":true,"data":true,"message":"토큰이 유효합니다"}
2026-01-15 20:31:58.361 [http-nio-8080-exec-5] INFO  API_LOG - [98b37840] ▶ GET /api/auth/verify
2026-01-15 20:31:58.362 [http-nio-8080-exec-5] INFO  API_LOG - [98b37840] ◀ 200 | 1ms | Body: {"success":true,"data":true,"message":"토큰이 유효합니다"}
2026-01-15 20:31:59.381 [http-nio-8080-exec-6] INFO  API_LOG - [625f9bad] ▶ GET /api/auth/verify
2026-01-15 20:31:59.382 [http-nio-8080-exec-6] INFO  API_LOG - [625f9bad] ◀ 200 | 1ms | Body: {"success":true,"data":true,"message":"토큰이 유효합니다"}
2026-01-15 20:32:00.412 [http-nio-8080-exec-7] INFO  API_LOG - [2286179c] ▶ GET /api/auth/verify
2026-01-15 20:32:00.413 [http-nio-8080-exec-7] INFO  API_LOG - [2286179c] ◀ 200 | 1ms | Body: {"success":true,"data":true,"message":"토큰이 유효합니다"}
2026-01-15 20:32:01.356 [http-nio-8080-exec-8] INFO  API_LOG - [8043fade] ▶ GET /api/auth/verify
2026-01-15 20:32:01.357 [http-nio-8080-exec-8] INFO  API_LOG - [8043fade] ◀ 200 | 1ms | Body: {"success":true,"data":true,"message":"토큰이 유효합니다"}
2026-01-15 20:32:02.458 [http-nio-8080-exec-9] INFO  API_LOG - [69e91aa1] ▶ GET /api/auth/verify
2026-01-15 20:32:02.459 [http-nio-8080-exec-9] INFO  API_LOG - [69e91aa1] ◀ 200 | 1ms | Body: {"success":true,"data":true,"message":"토큰이 유효합니다"}
2026-01-15 20:32:03.355 [http-nio-8080-exec-10] INFO  API_LOG - [45cd787f] ▶ GET /api/auth/verify
2026-01-15 20:32:03.356 [http-nio-8080-exec-10] INFO  API_LOG - [45cd787f] ◀ 200 | 1ms | Body: {"success":true,"data":true,"message":"토큰이 유효합니다"}
2026-01-15 20:32:04.408 [http-nio-8080-exec-1] INFO  API_LOG - [9553ac0a] ▶ GET /api/auth/verify
2026-01-15 20:32:04.409 [http-nio-8080-exec-1] INFO  API_LOG - [9553ac0a] ◀ 200 | 1ms | Body: {"success":true,"data":true,"message":"토큰이 유효합니다"}
2026-01-15 20:32:05.428 [http-nio-8080-exec-2] INFO  API_LOG - [c6b5c815] ▶ GET /api/auth/verify
2026-01-15 20:32:05.429 [http-nio-8080-exec-2] INFO  API_LOG - [c6b5c815] ◀ 200 | 1ms | Body: {"success":true,"data":true,"message":"토큰이 유효합니다"}
2026-01-15 20:32:06.365 [http-nio-8080-exec-3] INFO  API_LOG - [367b959b] ▶ GET /api/auth/verify
2026-01-15 20:32:06.366 [http-nio-8080-exec-3] INFO  API_LOG - [367b959b] ◀ 200 | 1ms | Body: {"success":true,"data":true,"message":"토큰이 유효합니다"}
2026-01-15 20:32:07.372 [http-nio-8080-exec-4] INFO  API_LOG - [3c81cac1] ▶ GET /api/auth/verify
2026-01-15 20:32:07.374 [http-nio-8080-exec-4] INFO  API_LOG - [3c81cac1] ◀ 200 | 2ms | Body: {"success":true,"data":true,"message":"토큰이 유효합니다"}
2026-01-15 20:32:08.501 [http-nio-8080-exec-5] INFO  API_LOG - [8dc7e822] ▶ GET /api/auth/verify
2026-01-15 20:32:08.502 [http-nio-8080-exec-5] INFO  API_LOG - [8dc7e822] ◀ 200 | 1ms | Body: {"success":true,"data":true,"message":"토큰이 유효합니다"}
2026-01-15 20:32:09.419 [http-nio-8080-exec-6] INFO  API_LOG - [66faee17] ▶ GET /api/auth/verify
2026-01-15 20:32:09.420 [http-nio-8080-exec-6] INFO  API_LOG - [66faee17] ◀ 200 | 1ms | Body: {"success":true,"data":true,"message":"토큰이 유효합니다"}
2026-01-15 20:32:10.443 [http-nio-8080-exec-7] INFO  API_LOG - [a7a302af] ▶ GET /api/auth/verify
2026-01-15 20:32:10.445 [http-nio-8080-exec-7] INFO  API_LOG - [a7a302af] ◀ 200 | 2ms | Body: {"success":true,"data":true,"message":"토큰이 유효합니다"}
2026-01-15 20:32:11.356 [http-nio-8080-exec-8] INFO  API_LOG - [e5cc566a] ▶ GET /api/auth/verify
2026-01-15 20:32:11.358 [http-nio-8080-exec-8] INFO  API_LOG - [e5cc566a] ◀ 200 | 2ms | Body: {"success":true,"data":true,"message":"토큰이 유효합니다"}
2026-01-15 20:32:12.390 [http-nio-8080-exec-9] INFO  API_LOG - [66439c3c] ▶ GET /api/auth/verify
2026-01-15 20:32:12.391 [http-nio-8080-exec-9] INFO  API_LOG - [66439c3c] ◀ 200 | 1ms | Body: {"success":true,"data":true,"message":"토큰이 유효합니다"}
2026-01-15 20:32:13.414 [http-nio-8080-exec-10] INFO  API_LOG - [0435e130] ▶ GET /api/auth/verify
2026-01-15 20:32:13.415 [http-nio-8080-exec-10] INFO  API_LOG - [0435e130] ◀ 200 | 1ms | Body: {"success":true,"data":true,"message":"토큰이 유효합니다"}
2026-01-15 20:32:14.540 [http-nio-8080-exec-1] INFO  API_LOG - [106e4045] ▶ GET /api/auth/verify
2026-01-15 20:32:14.541 [http-nio-8080-exec-1] INFO  API_LOG - [106e4045] ◀ 200 | 1ms | Body: {"success":true,"data":true,"message":"토큰이 유효합니다"}
2026-01-15 20:32:15.373 [http-nio-8080-exec-2] INFO  API_LOG - [0b719605] ▶ GET /api/auth/verify
2026-01-15 20:32:15.374 [http-nio-8080-exec-2] INFO  API_LOG - [0b719605] ◀ 200 | 1ms | Body: {"success":true,"data":true,"message":"토큰이 유효합니다"}
2026-01-15 20:32:16.361 [http-nio-8080-exec-3] INFO  API_LOG - [059c893e] ▶ GET /api/auth/verify
2026-01-15 20:32:16.363 [http-nio-8080-exec-3] INFO  API_LOG - [059c893e] ◀ 200 | 2ms | Body: {"success":true,"data":true,"message":"토큰이 유효합니다"}
2026-01-15 20:32:17.398 [http-nio-8080-exec-4] INFO  API_LOG - [e10c5347] ▶ GET /api/auth/verify
2026-01-15 20:32:17.399 [http-nio-8080-exec-4] INFO  API_LOG - [e10c5347] ◀ 200 | 1ms | Body: {"success":true,"data":true,"message":"토큰이 유효합니다"}
2026-01-15 20:32:18.460 [http-nio-8080-exec-5] INFO  API_LOG - [6530087a] ▶ GET /api/auth/verify
2026-01-15 20:32:18.461 [http-nio-8080-exec-5] INFO  API_LOG - [6530087a] ◀ 200 | 1ms | Body: {"success":true,"data":true,"message":"토큰이 유효합니다"}
2026-01-15 20:32:19.456 [http-nio-8080-exec-6] INFO  API_LOG - [fc7a251a] ▶ GET /api/auth/verify
2026-01-15 20:32:19.458 [http-nio-8080-exec-6] INFO  API_LOG - [fc7a251a] ◀ 200 | 2ms | Body: {"success":true,"data":true,"message":"토큰이 유효합니다"}
2026-01-15 20:32:20.362 [http-nio-8080-exec-7] INFO  API_LOG - [5d1ea7b1] ▶ GET /api/auth/verify
2026-01-15 20:32:20.363 [http-nio-8080-exec-7] INFO  API_LOG - [5d1ea7b1] ◀ 200 | 1ms | Body: {"success":true,"data":true,"message":"토큰이 유효합니다"}
2026-01-15 20:32:21.401 [http-nio-8080-exec-8] INFO  API_LOG - [a98eec07] ▶ GET /api/auth/verify
2026-01-15 20:32:21.403 [http-nio-8080-exec-8] INFO  API_LOG - [a98eec07] ◀ 200 | 2ms | Body: {"success":true,"data":true,"message":"토큰이 유효합니다"}
2026-01-15 20:32:22.378 [http-nio-8080-exec-9] INFO  API_LOG - [4a69a2c1] ▶ GET /api/auth/verify
2026-01-15 20:32:22.379 [http-nio-8080-exec-9] INFO  API_LOG - [4a69a2c1] ◀ 200 | 1ms | Body: {"success":true,"data":true,"message":"토큰이 유효합니다"}
2026-01-15 20:32:23.449 [http-nio-8080-exec-10] INFO  API_LOG - [7c40c438] ▶ GET /api/auth/verify
2026-01-15 20:32:23.451 [http-nio-8080-exec-10] INFO  API_LOG - [7c40c438] ◀ 200 | 2ms | Body: {"success":true,"data":true,"message":"토큰이 유효합니다"}
2026-01-15 20:32:24.372 [http-nio-8080-exec-1] INFO  API_LOG - [c1de90d8] ▶ GET /api/auth/verify
2026-01-15 20:32:24.373 [http-nio-8080-exec-1] INFO  API_LOG - [c1de90d8] ◀ 200 | 1ms | Body: {"success":true,"data":true,"message":"토큰이 유효합니다"}
2026-01-15 20:32:25.395 [http-nio-8080-exec-2] INFO  API_LOG - [8f236e12] ▶ GET /api/auth/verify
2026-01-15 20:32:25.397 [http-nio-8080-exec-2] INFO  API_LOG - [8f236e12] ◀ 200 | 2ms | Body: {"success":true,"data":true,"message":"토큰이 유효합니다"}
2026-01-15 20:32:26.420 [http-nio-8080-exec-3] INFO  API_LOG - [19dd5fd1] ▶ GET /api/auth/verify
2026-01-15 20:32:26.421 [http-nio-8080-exec-3] INFO  API_LOG - [19dd5fd1] ◀ 200 | 1ms | Body: {"success":true,"data":true,"message":"토큰이 유효합니다"}
2026-01-15 20:32:27.445 [http-nio-8080-exec-4] INFO  API_LOG - [60571bdb] ▶ GET /api/auth/verify
2026-01-15 20:32:27.446 [http-nio-8080-exec-4] INFO  API_LOG - [60571bdb] ◀ 200 | 1ms | Body: {"success":true,"data":true,"message":"토큰이 유효합니다"}
2026-01-15 20:32:28.366 [http-nio-8080-exec-5] INFO  API_LOG - [5cf9c74e] ▶ GET /api/auth/verify
2026-01-15 20:32:28.367 [http-nio-8080-exec-5] INFO  API_LOG - [5cf9c74e] ◀ 200 | 1ms | Body: {"success":true,"data":true,"message":"토큰이 유효합니다"}
2026-01-15 20:32:29.362 [http-nio-8080-exec-6] INFO  API_LOG - [a0274f8b] ▶ GET /api/auth/verify
2026-01-15 20:32:29.364 [http-nio-8080-exec-6] INFO  API_LOG - [a0274f8b] ◀ 200 | 2ms | Body: {"success":true,"data":true,"message":"토큰이 유효합니다"}
2026-01-15 20:32:30.411 [http-nio-8080-exec-7] INFO  API_LOG - [3c201eb0] ▶ GET /api/auth/verify
2026-01-15 20:32:30.412 [http-nio-8080-exec-7] INFO  API_LOG - [3c201eb0] ◀ 200 | 1ms | Body: {"success":true,"data":true,"message":"토큰이 유효합니다"}
2026-01-15 20:32:31.366 [http-nio-8080-exec-8] INFO  API_LOG - [0a2156f7] ▶ GET /api/auth/verify
2026-01-15 20:32:31.372 [http-nio-8080-exec-8] INFO  API_LOG - [0a2156f7] ◀ 200 | 9ms | Body: {"success":true,"data":true,"message":"토큰이 유효합니다"}
2026-01-15 20:32:32.465 [http-nio-8080-exec-9] INFO  API_LOG - [ba2644fb] ▶ GET /api/auth/verify
2026-01-15 20:32:32.470 [http-nio-8080-exec-9] INFO  API_LOG - [ba2644fb] ◀ 200 | 5ms | Body: {"success":true,"data":true,"message":"토큰이 유효합니다"}
2026-01-15 20:32:33.483 [http-nio-8080-exec-10] INFO  API_LOG - [56db6398] ▶ GET /api/auth/verify
2026-01-15 20:32:33.484 [http-nio-8080-exec-10] INFO  API_LOG - [56db6398] ◀ 200 | 1ms | Body: {"success":true,"data":true,"message":"토큰이 유효합니다"}
2026-01-15 20:32:34.362 [http-nio-8080-exec-1] INFO  API_LOG - [ab072e3c] ▶ GET /api/auth/verify
2026-01-15 20:32:34.363 [http-nio-8080-exec-1] INFO  API_LOG - [ab072e3c] ◀ 200 | 1ms | Body: {"success":true,"data":true,"message":"토큰이 유효합니다"}
2026-01-15 20:32:35.533 [http-nio-8080-exec-2] INFO  API_LOG - [96142e2a] ▶ GET /api/auth/verify
2026-01-15 20:32:35.535 [http-nio-8080-exec-2] INFO  API_LOG - [96142e2a] ◀ 200 | 2ms | Body: {"success":true,"data":true,"message":"토큰이 유효합니다"}
2026-01-15 20:32:36.357 [http-nio-8080-exec-3] INFO  API_LOG - [bfd0be49] ▶ GET /api/auth/verify
2026-01-15 20:32:36.358 [http-nio-8080-exec-3] INFO  API_LOG - [bfd0be49] ◀ 200 | 2ms | Body: {"success":true,"data":true,"message":"토큰이 유효합니다"}
2026-01-15 20:32:37.359 [http-nio-8080-exec-4] INFO  API_LOG - [93724650] ▶ GET /api/auth/verify
2026-01-15 20:32:37.360 [http-nio-8080-exec-4] INFO  API_LOG - [93724650] ◀ 200 | 1ms | Body: {"success":true,"data":true,"message":"토큰이 유효합니다"}
2026-01-15 20:32:38.359 [http-nio-8080-exec-5] INFO  API_LOG - [969d9d5d] ▶ GET /api/auth/verify
2026-01-15 20:32:38.360 [http-nio-8080-exec-5] INFO  API_LOG - [969d9d5d] ◀ 200 | 1ms | Body: {"success":true,"data":true,"message":"토큰이 유효합니다"}
2026-01-15 20:32:39.366 [http-nio-8080-exec-6] INFO  API_LOG - [e1fd74ac] ▶ GET /api/auth/verify
2026-01-15 20:32:39.367 [http-nio-8080-exec-6] INFO  API_LOG - [e1fd74ac] ◀ 200 | 1ms | Body: {"success":true,"data":true,"message":"토큰이 유효합니다"}
2026-01-15 20:32:40.365 [http-nio-8080-exec-7] INFO  API_LOG - [8b35dc3e] ▶ GET /api/auth/verify
2026-01-15 20:32:40.366 [http-nio-8080-exec-7] INFO  API_LOG - [8b35dc3e] ◀ 200 | 1ms | Body: {"success":true,"data":true,"message":"토큰이 유효합니다"}
2026-01-15 20:32:41.364 [http-nio-8080-exec-8] INFO  API_LOG - [63cc0bc8] ▶ GET /api/auth/verify
2026-01-15 20:32:41.364 [http-nio-8080-exec-8] INFO  API_LOG - [63cc0bc8] ◀ 200 | 0ms | Body: {"success":true,"data":true,"message":"토큰이 유효합니다"}
2026-01-15 20:32:42.674 [http-nio-8080-exec-9] INFO  API_LOG - [6dfdd8cf] ▶ GET /api/auth/verify
2026-01-15 20:32:42.675 [http-nio-8080-exec-9] INFO  API_LOG - [6dfdd8cf] ◀ 200 | 1ms | Body: {"success":true,"data":true,"message":"토큰이 유효합니다"}
2026-01-15 20:32:43.380 [http-nio-8080-exec-10] INFO  API_LOG - [1ffddb77] ▶ GET /api/auth/verify
2026-01-15 20:32:43.382 [http-nio-8080-exec-10] INFO  API_LOG - [1ffddb77] ◀ 200 | 2ms | Body: {"success":true,"data":true,"message":"토큰이 유효합니다"}
2026-01-15 20:32:44.431 [http-nio-8080-exec-1] INFO  API_LOG - [77ca02d5] ▶ GET /api/auth/verify
2026-01-15 20:32:44.432 [http-nio-8080-exec-1] INFO  API_LOG - [77ca02d5] ◀ 200 | 1ms | Body: {"success":true,"data":true,"message":"토큰이 유효합니다"}
2026-01-15 20:32:45.478 [http-nio-8080-exec-2] INFO  API_LOG - [221af617] ▶ GET /api/auth/verify
2026-01-15 20:32:45.480 [http-nio-8080-exec-2] INFO  API_LOG - [221af617] ◀ 200 | 2ms | Body: {"success":true,"data":true,"message":"토큰이 유효합니다"}
2026-01-15 20:32:46.364 [http-nio-8080-exec-3] INFO  API_LOG - [fabc0510] ▶ GET /api/auth/verify
2026-01-15 20:32:46.365 [http-nio-8080-exec-3] INFO  API_LOG - [fabc0510] ◀ 200 | 1ms | Body: {"success":true,"data":true,"message":"토큰이 유효합니다"}
2026-01-15 20:32:47.370 [http-nio-8080-exec-4] INFO  API_LOG - [8f80a14a] ▶ GET /api/auth/verify
2026-01-15 20:32:47.371 [http-nio-8080-exec-4] INFO  API_LOG - [8f80a14a] ◀ 200 | 1ms | Body: {"success":true,"data":true,"message":"토큰이 유효합니다"}
2026-01-15 20:32:48.370 [http-nio-8080-exec-5] INFO  API_LOG - [b5196af5] ▶ GET /api/auth/verify
2026-01-15 20:32:48.371 [http-nio-8080-exec-5] INFO  API_LOG - [b5196af5] ◀ 200 | 1ms | Body: {"success":true,"data":true,"message":"토큰이 유효합니다"}
2026-01-15 20:32:49.362 [http-nio-8080-exec-6] INFO  API_LOG - [c1ffc8bf] ▶ GET /api/auth/verify
2026-01-15 20:32:49.363 [http-nio-8080-exec-6] INFO  API_LOG - [c1ffc8bf] ◀ 200 | 2ms | Body: {"success":true,"data":true,"message":"토큰이 유효합니다"}
2026-01-15 20:32:50.364 [http-nio-8080-exec-7] INFO  API_LOG - [0c0063ed] ▶ GET /api/auth/verify
2026-01-15 20:32:50.365 [http-nio-8080-exec-7] INFO  API_LOG - [0c0063ed] ◀ 200 | 1ms | Body: {"success":true,"data":true,"message":"토큰이 유효합니다"}
2026-01-15 20:32:51.366 [http-nio-8080-exec-8] INFO  API_LOG - [e5bf4722] ▶ GET /api/auth/verify
2026-01-15 20:32:51.367 [http-nio-8080-exec-8] INFO  API_LOG - [e5bf4722] ◀ 200 | 1ms | Body: {"success":true,"data":true,"message":"토큰이 유효합니다"}
2026-01-15 20:32:52.365 [http-nio-8080-exec-9] INFO  API_LOG - [202f51a0] ▶ GET /api/auth/verify
2026-01-15 20:32:52.366 [http-nio-8080-exec-9] INFO  API_LOG - [202f51a0] ◀ 200 | 1ms | Body: {"success":true,"data":true,"message":"토큰이 유효합니다"}
2026-01-15 20:32:53.363 [http-nio-8080-exec-10] INFO  API_LOG - [e09d34ab] ▶ GET /api/auth/verify
2026-01-15 20:32:53.364 [http-nio-8080-exec-10] INFO  API_LOG - [e09d34ab] ◀ 200 | 1ms | Body: {"success":true,"data":true,"message":"토큰이 유효합니다"}
2026-01-15 20:32:54.479 [http-nio-8080-exec-1] INFO  API_LOG - [aca06e41] ▶ GET /api/auth/verify
2026-01-15 20:32:54.480 [http-nio-8080-exec-1] INFO  API_LOG - [aca06e41] ◀ 200 | 1ms | Body: {"success":true,"data":true,"message":"토큰이 유효합니다"}
2026-01-15 20:32:55.436 [http-nio-8080-exec-2] INFO  API_LOG - [fe68aa39] ▶ GET /api/auth/verify
2026-01-15 20:32:55.436 [http-nio-8080-exec-2] INFO  API_LOG - [fe68aa39] ◀ 200 | 0ms | Body: {"success":true,"data":true,"message":"토큰이 유효합니다"}
2026-01-15 20:32:56.362 [http-nio-8080-exec-3] INFO  API_LOG - [56e94bf4] ▶ GET /api/auth/verify
2026-01-15 20:32:56.363 [http-nio-8080-exec-3] INFO  API_LOG - [56e94bf4] ◀ 200 | 1ms | Body: {"success":true,"data":true,"message":"토큰이 유효합니다"}
2026-01-15 20:32:57.374 [http-nio-8080-exec-4] INFO  API_LOG - [a3d51a59] ▶ GET /api/auth/verify
2026-01-15 20:32:57.377 [http-nio-8080-exec-4] INFO  API_LOG - [a3d51a59] ◀ 200 | 3ms | Body: {"success":true,"data":true,"message":"토큰이 유효합니다"}
2026-01-15 20:32:58.367 [http-nio-8080-exec-5] INFO  API_LOG - [0c340061] ▶ GET /api/auth/verify
2026-01-15 20:32:58.368 [http-nio-8080-exec-5] INFO  API_LOG - [0c340061] ◀ 200 | 1ms | Body: {"success":true,"data":true,"message":"토큰이 유효합니다"}
2026-01-15 20:32:59.392 [http-nio-8080-exec-6] INFO  API_LOG - [5a17ab35] ▶ GET /api/auth/verify
2026-01-15 20:32:59.394 [http-nio-8080-exec-6] INFO  API_LOG - [5a17ab35] ◀ 200 | 1ms | Body: {"success":true,"data":true,"message":"토큰이 유효합니다"}
2026-01-15 20:33:00.366 [http-nio-8080-exec-7] INFO  API_LOG - [5eb6caec] ▶ GET /api/auth/verify
2026-01-15 20:33:00.367 [http-nio-8080-exec-7] INFO  API_LOG - [5eb6caec] ◀ 200 | 1ms | Body: {"success":true,"data":true,"message":"토큰이 유효합니다"}
2026-01-15 20:33:01.365 [http-nio-8080-exec-8] INFO  API_LOG - [50b668e6] ▶ GET /api/auth/verify
2026-01-15 20:33:01.366 [http-nio-8080-exec-8] INFO  API_LOG - [50b668e6] ◀ 200 | 1ms | Body: {"success":true,"data":true,"message":"토큰이 유효합니다"}
2026-01-15 20:33:02.379 [http-nio-8080-exec-9] INFO  API_LOG - [fbaa21aa] ▶ GET /api/auth/verify
2026-01-15 20:33:02.380 [http-nio-8080-exec-9] INFO  API_LOG - [fbaa21aa] ◀ 200 | 1ms | Body: {"success":true,"data":true,"message":"토큰이 유효합니다"}
2026-01-15 20:33:03.381 [http-nio-8080-exec-10] INFO  API_LOG - [4e22b53c] ▶ GET /api/auth/verify
2026-01-15 20:33:03.382 [http-nio-8080-exec-10] INFO  API_LOG - [4e22b53c] ◀ 200 | 1ms | Body: {"success":true,"data":true,"message":"토큰이 유효합니다"}
2026-01-15 20:33:04.367 [http-nio-8080-exec-1] INFO  API_LOG - [9e2b4d34] ▶ GET /api/auth/verify
2026-01-15 20:33:04.368 [http-nio-8080-exec-1] INFO  API_LOG - [9e2b4d34] ◀ 200 | 1ms | Body: {"success":true,"data":true,"message":"토큰이 유효합니다"}
2026-01-15 20:33:05.401 [http-nio-8080-exec-2] INFO  API_LOG - [743df8ef] ▶ GET /api/auth/verify
2026-01-15 20:33:05.403 [http-nio-8080-exec-2] INFO  API_LOG - [743df8ef] ◀ 200 | 2ms | Body: {"success":true,"data":true,"message":"토큰이 유효합니다"}
2026-01-15 20:33:06.448 [http-nio-8080-exec-3] INFO  API_LOG - [4399b7c3] ▶ GET /api/auth/verify
2026-01-15 20:33:06.450 [http-nio-8080-exec-3] INFO  API_LOG - [4399b7c3] ◀ 200 | 2ms | Body: {"success":true,"data":true,"message":"토큰이 유효합니다"}
2026-01-15 20:33:07.380 [http-nio-8080-exec-4] INFO  API_LOG - [14b41a46] ▶ GET /api/auth/verify
2026-01-15 20:33:07.381 [http-nio-8080-exec-4] INFO  API_LOG - [14b41a46] ◀ 200 | 1ms | Body: {"success":true,"data":true,"message":"토큰이 유효합니다"}
2026-01-15 20:33:08.366 [http-nio-8080-exec-5] INFO  API_LOG - [542a153d] ▶ GET /api/auth/verify
2026-01-15 20:33:08.367 [http-nio-8080-exec-5] INFO  API_LOG - [542a153d] ◀ 200 | 1ms | Body: {"success":true,"data":true,"message":"토큰이 유효합니다"}
2026-01-15 20:33:09.366 [http-nio-8080-exec-6] INFO  API_LOG - [c6404234] ▶ GET /api/auth/verify
2026-01-15 20:33:09.368 [http-nio-8080-exec-6] INFO  API_LOG - [c6404234] ◀ 200 | 2ms | Body: {"success":true,"data":true,"message":"토큰이 유효합니다"}
2026-01-15 20:33:10.382 [http-nio-8080-exec-7] INFO  API_LOG - [23ed2dde] ▶ GET /api/auth/verify
2026-01-15 20:33:10.383 [http-nio-8080-exec-7] INFO  API_LOG - [23ed2dde] ◀ 200 | 1ms | Body: {"success":true,"data":true,"message":"토큰이 유효합니다"}
2026-01-15 20:33:11.366 [http-nio-8080-exec-8] INFO  API_LOG - [9a02f766] ▶ GET /api/auth/verify
2026-01-15 20:33:11.368 [http-nio-8080-exec-8] INFO  API_LOG - [9a02f766] ◀ 200 | 2ms | Body: {"success":true,"data":true,"message":"토큰이 유효합니다"}
2026-01-15 20:33:12.389 [http-nio-8080-exec-9] INFO  API_LOG - [ab249d05] ▶ GET /api/auth/verify
2026-01-15 20:33:12.390 [http-nio-8080-exec-9] INFO  API_LOG - [ab249d05] ◀ 200 | 1ms | Body: {"success":true,"data":true,"message":"토큰이 유효합니다"}
2026-01-15 20:33:13.368 [http-nio-8080-exec-10] INFO  API_LOG - [e439efcc] ▶ GET /api/auth/verify
2026-01-15 20:33:13.369 [http-nio-8080-exec-10] INFO  API_LOG - [e439efcc] ◀ 200 | 1ms | Body: {"success":true,"data":true,"message":"토큰이 유효합니다"}
2026-01-15 20:33:14.368 [http-nio-8080-exec-1] INFO  API_LOG - [721c0e57] ▶ GET /api/auth/verify
2026-01-15 20:33:14.370 [http-nio-8080-exec-1] INFO  API_LOG - [721c0e57] ◀ 200 | 2ms | Body: {"success":true,"data":true,"message":"토큰이 유효합니다"}
2026-01-15 20:33:15.372 [http-nio-8080-exec-2] INFO  API_LOG - [77a16449] ▶ GET /api/auth/verify
2026-01-15 20:33:15.373 [http-nio-8080-exec-2] INFO  API_LOG - [77a16449] ◀ 200 | 1ms | Body: {"success":true,"data":true,"message":"토큰이 유효합니다"}
2026-01-15 20:33:16.412 [http-nio-8080-exec-3] INFO  API_LOG - [1f2c532d] ▶ GET /api/auth/verify
2026-01-15 20:33:16.414 [http-nio-8080-exec-3] INFO  API_LOG - [1f2c532d] ◀ 200 | 2ms | Body: {"success":true,"data":true,"message":"토큰이 유효합니다"}
2026-01-15 20:33:17.459 [http-nio-8080-exec-4] INFO  API_LOG - [0afc4726] ▶ GET /api/auth/verify
2026-01-15 20:33:17.461 [http-nio-8080-exec-4] INFO  API_LOG - [0afc4726] ◀ 200 | 2ms | Body: {"success":true,"data":true,"message":"토큰이 유효합니다"}
2026-01-15 20:33:18.372 [http-nio-8080-exec-5] INFO  API_LOG - [3dac49b6] ▶ GET /api/auth/verify
2026-01-15 20:33:18.374 [http-nio-8080-exec-5] INFO  API_LOG - [3dac49b6] ◀ 200 | 1ms | Body: {"success":true,"data":true,"message":"토큰이 유효합니다"}
2026-01-15 20:33:19.443 [http-nio-8080-exec-6] INFO  API_LOG - [305786c5] ▶ GET /api/auth/verify
2026-01-15 20:33:19.445 [http-nio-8080-exec-6] INFO  API_LOG - [305786c5] ◀ 200 | 1ms | Body: {"success":true,"data":true,"message":"토큰이 유효합니다"}
2026-01-15 20:33:20.368 [http-nio-8080-exec-7] INFO  API_LOG - [74484f88] ▶ GET /api/auth/verify
2026-01-15 20:33:20.369 [http-nio-8080-exec-7] INFO  API_LOG - [74484f88] ◀ 200 | 1ms | Body: {"success":true,"data":true,"message":"토큰이 유효합니다"}
2026-01-15 20:33:21.371 [http-nio-8080-exec-8] INFO  API_LOG - [f8c0dece] ▶ GET /api/auth/verify
2026-01-15 20:33:21.372 [http-nio-8080-exec-8] INFO  API_LOG - [f8c0dece] ◀ 200 | 1ms | Body: {"success":true,"data":true,"message":"토큰이 유효합니다"}
2026-01-15 20:33:22.365 [http-nio-8080-exec-9] INFO  API_LOG - [75575b76] ▶ GET /api/auth/verify
2026-01-15 20:33:22.366 [http-nio-8080-exec-9] INFO  API_LOG - [75575b76] ◀ 200 | 1ms | Body: {"success":true,"data":true,"message":"토큰이 유효합니다"}
2026-01-15 20:33:23.371 [http-nio-8080-exec-10] INFO  API_LOG - [8897c52f] ▶ GET /api/auth/verify
2026-01-15 20:33:23.372 [http-nio-8080-exec-10] INFO  API_LOG - [8897c52f] ◀ 200 | 1ms | Body: {"success":true,"data":true,"message":"토큰이 유효합니다"}
2026-01-15 20:33:24.383 [http-nio-8080-exec-1] INFO  API_LOG - [dd8df5e5] ▶ GET /api/auth/verify
2026-01-15 20:33:24.384 [http-nio-8080-exec-1] INFO  API_LOG - [dd8df5e5] ◀ 200 | 1ms | Body: {"success":true,"data":true,"message":"토큰이 유효합니다"}
2026-01-15 20:33:25.368 [http-nio-8080-exec-2] INFO  API_LOG - [d242ef00] ▶ GET /api/auth/verify
2026-01-15 20:33:25.370 [http-nio-8080-exec-2] INFO  API_LOG - [d242ef00] ◀ 200 | 2ms | Body: {"success":true,"data":true,"message":"토큰이 유효합니다"}
2026-01-15 20:33:26.530 [http-nio-8080-exec-3] INFO  API_LOG - [4972db7e] ▶ GET /api/auth/verify
2026-01-15 20:33:26.532 [http-nio-8080-exec-3] INFO  API_LOG - [4972db7e] ◀ 200 | 2ms | Body: {"success":true,"data":true,"message":"토큰이 유효합니다"}
2026-01-15 20:33:27.425 [http-nio-8080-exec-4] INFO  API_LOG - [1b0e636f] ▶ GET /api/auth/verify
2026-01-15 20:33:27.426 [http-nio-8080-exec-4] INFO  API_LOG - [1b0e636f] ◀ 200 | 1ms | Body: {"success":true,"data":true,"message":"토큰이 유효합니다"}
2026-01-15 20:33:28.368 [http-nio-8080-exec-5] INFO  API_LOG - [a8d1c0bc] ▶ GET /api/auth/verify
2026-01-15 20:33:28.369 [http-nio-8080-exec-5] INFO  API_LOG - [a8d1c0bc] ◀ 200 | 1ms | Body: {"success":true,"data":true,"message":"토큰이 유효합니다"}
2026-01-15 20:33:29.366 [http-nio-8080-exec-6] INFO  API_LOG - [bc72b5d6] ▶ GET /api/auth/verify
2026-01-15 20:33:29.367 [http-nio-8080-exec-6] INFO  API_LOG - [bc72b5d6] ◀ 200 | 1ms | Body: {"success":true,"data":true,"message":"토큰이 유효합니다"}
2026-01-15 20:33:30.367 [http-nio-8080-exec-7] INFO  API_LOG - [122aa8d9] ▶ GET /api/auth/verify
2026-01-15 20:33:30.369 [http-nio-8080-exec-7] INFO  API_LOG - [122aa8d9] ◀ 200 | 2ms | Body: {"success":true,"data":true,"message":"토큰이 유효합니다"}
2026-01-15 20:33:31.368 [http-nio-8080-exec-8] INFO  API_LOG - [4d14c2eb] ▶ GET /api/auth/verify
2026-01-15 20:33:31.370 [http-nio-8080-exec-8] INFO  API_LOG - [4d14c2eb] ◀ 200 | 2ms | Body: {"success":true,"data":true,"message":"토큰이 유효합니다"}
2026-01-15 20:33:32.367 [http-nio-8080-exec-9] INFO  API_LOG - [43cf97d7] ▶ GET /api/auth/verify
2026-01-15 20:33:32.368 [http-nio-8080-exec-9] INFO  API_LOG - [43cf97d7] ◀ 200 | 0ms | Body: {"success":true,"data":true,"message":"토큰이 유효합니다"}
2026-01-15 20:33:33.371 [http-nio-8080-exec-10] INFO  API_LOG - [d2b39ed4] ▶ GET /api/auth/verify
2026-01-15 20:33:33.373 [http-nio-8080-exec-10] INFO  API_LOG - [d2b39ed4] ◀ 200 | 2ms | Body: {"success":true,"data":true,"message":"토큰이 유효합니다"}
2026-01-15 20:33:34.368 [http-nio-8080-exec-1] INFO  API_LOG - [e665c4a9] ▶ GET /api/auth/verify
2026-01-15 20:33:34.368 [http-nio-8080-exec-1] INFO  API_LOG - [e665c4a9] ◀ 200 | 0ms | Body: {"success":true,"data":true,"message":"토큰이 유효합니다"}
2026-01-15 20:33:35.374 [http-nio-8080-exec-2] INFO  API_LOG - [eba1aff1] ▶ GET /api/auth/verify
2026-01-15 20:33:35.376 [http-nio-8080-exec-2] INFO  API_LOG - [eba1aff1] ◀ 200 | 2ms | Body: {"success":true,"data":true,"message":"토큰이 유효합니다"}
2026-01-15 20:33:36.369 [http-nio-8080-exec-3] INFO  API_LOG - [7c7b65dd] ▶ GET /api/auth/verify
2026-01-15 20:33:36.371 [http-nio-8080-exec-3] INFO  API_LOG - [7c7b65dd] ◀ 200 | 2ms | Body: {"success":true,"data":true,"message":"토큰이 유효합니다"}
2026-01-15 20:33:37.382 [http-nio-8080-exec-4] INFO  API_LOG - [916833cf] ▶ GET /api/auth/verify
2026-01-15 20:33:37.383 [http-nio-8080-exec-4] INFO  API_LOG - [916833cf] ◀ 200 | 1ms | Body: {"success":true,"data":true,"message":"토큰이 유효합니다"}
2026-01-15 20:33:38.429 [http-nio-8080-exec-5] INFO  API_LOG - [5122927d] ▶ GET /api/auth/verify
2026-01-15 20:33:38.430 [http-nio-8080-exec-5] INFO  API_LOG - [5122927d] ◀ 200 | 1ms | Body: {"success":true,"data":true,"message":"토큰이 유효합니다"}
2026-01-15 20:33:39.374 [http-nio-8080-exec-6] INFO  API_LOG - [8c2279fd] ▶ GET /api/auth/verify
2026-01-15 20:33:39.375 [http-nio-8080-exec-6] INFO  API_LOG - [8c2279fd] ◀ 200 | 1ms | Body: {"success":true,"data":true,"message":"토큰이 유효합니다"}
2026-01-15 20:33:40.369 [http-nio-8080-exec-7] INFO  API_LOG - [d23a90cf] ▶ GET /api/auth/verify
2026-01-15 20:33:40.370 [http-nio-8080-exec-7] INFO  API_LOG - [d23a90cf] ◀ 200 | 1ms | Body: {"success":true,"data":true,"message":"토큰이 유효합니다"}
2026-01-15 20:33:41.370 [http-nio-8080-exec-8] INFO  API_LOG - [2aa1b376] ▶ GET /api/auth/verify
2026-01-15 20:33:41.370 [http-nio-8080-exec-8] INFO  API_LOG - [2aa1b376] ◀ 200 | 0ms | Body: {"success":true,"data":true,"message":"토큰이 유효합니다"}
2026-01-15 20:33:42.370 [http-nio-8080-exec-9] INFO  API_LOG - [d6ebeb5e] ▶ GET /api/auth/verify
2026-01-15 20:33:42.371 [http-nio-8080-exec-9] INFO  API_LOG - [d6ebeb5e] ◀ 200 | 1ms | Body: {"success":true,"data":true,"message":"토큰이 유효합니다"}
2026-01-15 20:33:43.370 [http-nio-8080-exec-10] INFO  API_LOG - [cc4f6894] ▶ GET /api/auth/verify
2026-01-15 20:33:43.371 [http-nio-8080-exec-10] INFO  API_LOG - [cc4f6894] ◀ 200 | 1ms | Body: {"success":true,"data":true,"message":"토큰이 유효합니다"}
2026-01-15 20:33:44.370 [http-nio-8080-exec-1] INFO  API_LOG - [7ab33729] ▶ GET /api/auth/verify
2026-01-15 20:33:44.370 [http-nio-8080-exec-1] INFO  API_LOG - [7ab33729] ◀ 200 | 0ms | Body: {"success":true,"data":true,"message":"토큰이 유효합니다"}
2026-01-15 20:33:45.473 [http-nio-8080-exec-2] INFO  API_LOG - [35d0731f] ▶ GET /api/auth/verify
2026-01-15 20:33:45.474 [http-nio-8080-exec-2] INFO  API_LOG - [35d0731f] ◀ 200 | 1ms | Body: {"success":true,"data":true,"message":"토큰이 유효합니다"}
2026-01-15 20:33:46.371 [http-nio-8080-exec-3] INFO  API_LOG - [e553943b] ▶ GET /api/auth/verify
2026-01-15 20:33:46.372 [http-nio-8080-exec-3] INFO  API_LOG - [e553943b] ◀ 200 | 1ms | Body: {"success":true,"data":true,"message":"토큰이 유효합니다"}
2026-01-15 20:33:47.382 [http-nio-8080-exec-4] INFO  API_LOG - [fb4689d4] ▶ GET /api/auth/verify
2026-01-15 20:33:47.384 [http-nio-8080-exec-4] INFO  API_LOG - [fb4689d4] ◀ 200 | 1ms | Body: {"success":true,"data":true,"message":"토큰이 유효합니다"}
2026-01-15 20:33:48.394 [http-nio-8080-exec-5] INFO  API_LOG - [6539cc95] ▶ GET /api/auth/verify
2026-01-15 20:33:48.395 [http-nio-8080-exec-5] INFO  API_LOG - [6539cc95] ◀ 200 | 1ms | Body: {"success":true,"data":true,"message":"토큰이 유효합니다"}
2026-01-15 20:33:49.368 [http-nio-8080-exec-6] INFO  API_LOG - [7f140077] ▶ GET /api/auth/verify
2026-01-15 20:33:49.370 [http-nio-8080-exec-6] INFO  API_LOG - [7f140077] ◀ 200 | 1ms | Body: {"success":true,"data":true,"message":"토큰이 유효합니다"}
2026-01-15 20:33:50.377 [http-nio-8080-exec-7] INFO  API_LOG - [973bb079] ▶ GET /api/auth/verify
2026-01-15 20:33:50.378 [http-nio-8080-exec-7] INFO  API_LOG - [973bb079] ◀ 200 | 1ms | Body: {"success":true,"data":true,"message":"토큰이 유효합니다"}
2026-01-15 20:33:51.373 [http-nio-8080-exec-8] INFO  API_LOG - [2281432d] ▶ GET /api/auth/verify
2026-01-15 20:33:51.374 [http-nio-8080-exec-8] INFO  API_LOG - [2281432d] ◀ 200 | 1ms | Body: {"success":true,"data":true,"message":"토큰이 유효합니다"}
2026-01-15 20:33:52.371 [http-nio-8080-exec-9] INFO  API_LOG - [9d6bde25] ▶ GET /api/auth/verify
2026-01-15 20:33:52.371 [http-nio-8080-exec-9] INFO  API_LOG - [9d6bde25] ◀ 200 | 0ms | Body: {"success":true,"data":true,"message":"토큰이 유효합니다"}
2026-01-15 20:33:53.372 [http-nio-8080-exec-10] INFO  API_LOG - [8e780df6] ▶ GET /api/auth/verify
2026-01-15 20:33:53.373 [http-nio-8080-exec-10] INFO  API_LOG - [8e780df6] ◀ 200 | 1ms | Body: {"success":true,"data":true,"message":"토큰이 유효합니다"}
2026-01-15 20:33:54.371 [http-nio-8080-exec-1] INFO  API_LOG - [123108c0] ▶ GET /api/auth/verify
2026-01-15 20:33:54.371 [http-nio-8080-exec-1] INFO  API_LOG - [123108c0] ◀ 200 | 0ms | Body: {"success":true,"data":true,"message":"토큰이 유효합니다"}
2026-01-15 20:33:55.405 [http-nio-8080-exec-2] INFO  API_LOG - [84e13a07] ▶ GET /api/auth/verify
2026-01-15 20:33:55.406 [http-nio-8080-exec-2] INFO  API_LOG - [84e13a07] ◀ 200 | 1ms | Body: {"success":true,"data":true,"message":"토큰이 유효합니다"}
2026-01-15 20:33:56.428 [http-nio-8080-exec-3] INFO  API_LOG - [456d4235] ▶ GET /api/auth/verify
2026-01-15 20:33:56.429 [http-nio-8080-exec-3] INFO  API_LOG - [456d4235] ◀ 200 | 1ms | Body: {"success":true,"data":true,"message":"토큰이 유효합니다"}
2026-01-15 20:33:57.452 [http-nio-8080-exec-4] INFO  API_LOG - [e1624c79] ▶ GET /api/auth/verify
2026-01-15 20:33:57.454 [http-nio-8080-exec-4] INFO  API_LOG - [e1624c79] ◀ 200 | 2ms | Body: {"success":true,"data":true,"message":"토큰이 유효합니다"}
2026-01-15 20:33:58.476 [http-nio-8080-exec-5] INFO  API_LOG - [dec8007d] ▶ GET /api/auth/verify
2026-01-15 20:33:58.477 [http-nio-8080-exec-5] INFO  API_LOG - [dec8007d] ◀ 200 | 1ms | Body: {"success":true,"data":true,"message":"토큰이 유효합니다"}
2026-01-15 20:33:59.398 [http-nio-8080-exec-6] INFO  API_LOG - [240c445f] ▶ GET /api/auth/verify
2026-01-15 20:33:59.399 [http-nio-8080-exec-6] INFO  API_LOG - [240c445f] ◀ 200 | 1ms | Body: {"success":true,"data":true,"message":"토큰이 유효합니다"}
2026-01-15 20:34:00.421 [http-nio-8080-exec-7] INFO  API_LOG - [757e208c] ▶ GET /api/auth/verify
2026-01-15 20:34:00.423 [http-nio-8080-exec-7] INFO  API_LOG - [757e208c] ◀ 200 | 2ms | Body: {"success":true,"data":true,"message":"토큰이 유효합니다"}
2026-01-15 20:34:01.373 [http-nio-8080-exec-8] INFO  API_LOG - [f041fe1b] ▶ GET /api/auth/verify
2026-01-15 20:34:01.374 [http-nio-8080-exec-8] INFO  API_LOG - [f041fe1b] ◀ 200 | 1ms | Body: {"success":true,"data":true,"message":"토큰이 유효합니다"}
2026-01-15 20:34:02.469 [http-nio-8080-exec-9] INFO  API_LOG - [6715f846] ▶ GET /api/auth/verify
2026-01-15 20:34:02.470 [http-nio-8080-exec-9] INFO  API_LOG - [6715f846] ◀ 200 | 1ms | Body: {"success":true,"data":true,"message":"토큰이 유효합니다"}
2026-01-15 20:34:03.373 [http-nio-8080-exec-10] INFO  API_LOG - [eb8d8bfa] ▶ GET /api/auth/verify
2026-01-15 20:34:03.375 [http-nio-8080-exec-10] INFO  API_LOG - [eb8d8bfa] ◀ 200 | 2ms | Body: {"success":true,"data":true,"message":"토큰이 유효합니다"}
2026-01-15 20:34:04.373 [http-nio-8080-exec-1] INFO  API_LOG - [3cc3edfd] ▶ GET /api/auth/verify
2026-01-15 20:34:04.374 [http-nio-8080-exec-1] INFO  API_LOG - [3cc3edfd] ◀ 200 | 1ms | Body: {"success":true,"data":true,"message":"토큰이 유효합니다"}
2026-01-15 20:34:05.374 [http-nio-8080-exec-2] INFO  API_LOG - [ea4f8acb] ▶ GET /api/auth/verify
2026-01-15 20:34:05.375 [http-nio-8080-exec-2] INFO  API_LOG - [ea4f8acb] ◀ 200 | 1ms | Body: {"success":true,"data":true,"message":"토큰이 유효합니다"}
2026-01-15 20:34:06.463 [http-nio-8080-exec-3] INFO  API_LOG - [346b0cc5] ▶ GET /api/auth/verify
2026-01-15 20:34:06.465 [http-nio-8080-exec-3] INFO  API_LOG - [346b0cc5] ◀ 200 | 2ms | Body: {"success":true,"data":true,"message":"토큰이 유효합니다"}
2026-01-15 20:34:07.372 [http-nio-8080-exec-4] INFO  API_LOG - [cea69442] ▶ GET /api/auth/verify
2026-01-15 20:34:07.374 [http-nio-8080-exec-4] INFO  API_LOG - [cea69442] ◀ 200 | 2ms | Body: {"success":true,"data":true,"message":"토큰이 유효합니다"}
2026-01-15 20:34:08.409 [http-nio-8080-exec-5] INFO  API_LOG - [aeb9c3ca] ▶ GET /api/auth/verify
2026-01-15 20:34:08.411 [http-nio-8080-exec-5] INFO  API_LOG - [aeb9c3ca] ◀ 200 | 2ms | Body: {"success":true,"data":true,"message":"토큰이 유효합니다"}
2026-01-15 20:34:09.372 [http-nio-8080-exec-6] INFO  API_LOG - [6ecf40cd] ▶ GET /api/auth/verify
2026-01-15 20:34:09.374 [http-nio-8080-exec-6] INFO  API_LOG - [6ecf40cd] ◀ 200 | 2ms | Body: {"success":true,"data":true,"message":"토큰이 유효합니다"}
2026-01-15 20:34:10.372 [http-nio-8080-exec-7] INFO  API_LOG - [a791ac66] ▶ GET /api/auth/verify
2026-01-15 20:34:10.373 [http-nio-8080-exec-7] INFO  API_LOG - [a791ac66] ◀ 200 | 1ms | Body: {"success":true,"data":true,"message":"토큰이 유효합니다"}
2026-01-15 20:34:11.373 [http-nio-8080-exec-8] INFO  API_LOG - [856b77a9] ▶ GET /api/auth/verify
2026-01-15 20:34:11.374 [http-nio-8080-exec-8] INFO  API_LOG - [856b77a9] ◀ 200 | 1ms | Body: {"success":true,"data":true,"message":"토큰이 유효합니다"}
2026-01-15 20:34:12.374 [http-nio-8080-exec-9] INFO  API_LOG - [7ef8732f] ▶ GET /api/auth/verify
2026-01-15 20:34:12.375 [http-nio-8080-exec-9] INFO  API_LOG - [7ef8732f] ◀ 200 | 1ms | Body: {"success":true,"data":true,"message":"토큰이 유효합니다"}
2026-01-15 20:34:13.398 [http-nio-8080-exec-10] INFO  API_LOG - [89c0c77d] ▶ GET /api/auth/verify
2026-01-15 20:34:13.399 [http-nio-8080-exec-10] INFO  API_LOG - [89c0c77d] ◀ 200 | 1ms | Body: {"success":true,"data":true,"message":"토큰이 유효합니다"}
2026-01-15 20:34:14.373 [http-nio-8080-exec-1] INFO  API_LOG - [53fbbe95] ▶ GET /api/auth/verify
2026-01-15 20:34:14.374 [http-nio-8080-exec-1] INFO  API_LOG - [53fbbe95] ◀ 200 | 1ms | Body: {"success":true,"data":true,"message":"토큰이 유효합니다"}
2026-01-15 20:34:15.477 [http-nio-8080-exec-2] INFO  API_LOG - [467f4b75] ▶ GET /api/auth/verify
2026-01-15 20:34:15.479 [http-nio-8080-exec-2] INFO  API_LOG - [467f4b75] ◀ 200 | 2ms | Body: {"success":true,"data":true,"message":"토큰이 유효합니다"}
2026-01-15 20:34:16.415 [http-nio-8080-exec-3] INFO  API_LOG - [c3640041] ▶ GET /api/auth/verify
2026-01-15 20:34:16.416 [http-nio-8080-exec-3] INFO  API_LOG - [c3640041] ◀ 200 | 1ms | Body: {"success":true,"data":true,"message":"토큰이 유효합니다"}
2026-01-15 20:34:17.420 [http-nio-8080-exec-4] INFO  API_LOG - [c9e70d0f] ▶ GET /api/auth/verify
2026-01-15 20:34:17.421 [http-nio-8080-exec-4] INFO  API_LOG - [c9e70d0f] ◀ 200 | 1ms | Body: {"success":true,"data":true,"message":"토큰이 유효합니다"}
2026-01-15 20:34:18.446 [http-nio-8080-exec-5] INFO  API_LOG - [9e3718b2] ▶ GET /api/auth/verify
2026-01-15 20:34:18.447 [http-nio-8080-exec-5] INFO  API_LOG - [9e3718b2] ◀ 200 | 1ms | Body: {"success":true,"data":true,"message":"토큰이 유효합니다"}
2026-01-15 20:34:19.458 [http-nio-8080-exec-6] INFO  API_LOG - [15f75825] ▶ GET /api/auth/verify
2026-01-15 20:34:19.459 [http-nio-8080-exec-6] INFO  API_LOG - [15f75825] ◀ 200 | 1ms | Body: {"success":true,"data":true,"message":"토큰이 유효합니다"}
2026-01-15 20:34:20.392 [http-nio-8080-exec-7] INFO  API_LOG - [1094f9d3] ▶ GET /api/auth/verify
2026-01-15 20:34:20.394 [http-nio-8080-exec-7] INFO  API_LOG - [1094f9d3] ◀ 200 | 2ms | Body: {"success":true,"data":true,"message":"토큰이 유효합니다"}
2026-01-15 20:34:21.407 [http-nio-8080-exec-8] INFO  API_LOG - [4ef45966] ▶ GET /api/auth/verify
2026-01-15 20:34:21.408 [http-nio-8080-exec-8] INFO  API_LOG - [4ef45966] ◀ 200 | 1ms | Body: {"success":true,"data":true,"message":"토큰이 유효합니다"}
2026-01-15 20:34:22.468 [http-nio-8080-exec-9] INFO  API_LOG - [8c724645] ▶ GET /api/auth/verify
2026-01-15 20:34:22.470 [http-nio-8080-exec-9] INFO  API_LOG - [8c724645] ◀ 200 | 2ms | Body: {"success":true,"data":true,"message":"토큰이 유효합니다"}
2026-01-15 20:34:23.389 [http-nio-8080-exec-10] INFO  API_LOG - [0494d85d] ▶ GET /api/auth/verify
2026-01-15 20:34:23.391 [http-nio-8080-exec-10] INFO  API_LOG - [0494d85d] ◀ 200 | 2ms | Body: {"success":true,"data":true,"message":"토큰이 유효합니다"}
2026-01-15 20:34:24.487 [http-nio-8080-exec-1] INFO  API_LOG - [7bb390e7] ▶ GET /api/auth/verify
2026-01-15 20:34:24.488 [http-nio-8080-exec-1] INFO  API_LOG - [7bb390e7] ◀ 200 | 1ms | Body: {"success":true,"data":true,"message":"토큰이 유효합니다"}
2026-01-15 20:34:25.417 [http-nio-8080-exec-2] INFO  API_LOG - [f8d5eaa8] ▶ GET /api/auth/verify
2026-01-15 20:34:25.418 [http-nio-8080-exec-2] INFO  API_LOG - [f8d5eaa8] ◀ 200 | 1ms | Body: {"success":true,"data":true,"message":"토큰이 유효합니다"}
2026-01-15 20:34:26.417 [http-nio-8080-exec-3] INFO  API_LOG - [47246d5c] ▶ GET /api/auth/verify
2026-01-15 20:34:26.418 [http-nio-8080-exec-3] INFO  API_LOG - [47246d5c] ◀ 200 | 1ms | Body: {"success":true,"data":true,"message":"토큰이 유효합니다"}
2026-01-15 20:34:27.457 [http-nio-8080-exec-4] INFO  API_LOG - [72d7e8f5] ▶ GET /api/auth/verify
2026-01-15 20:34:27.458 [http-nio-8080-exec-4] INFO  API_LOG - [72d7e8f5] ◀ 200 | 1ms | Body: {"success":true,"data":true,"message":"토큰이 유효합니다"}
2026-01-15 20:34:28.452 [http-nio-8080-exec-5] INFO  API_LOG - [aaea7b46] ▶ GET /api/auth/verify
2026-01-15 20:34:28.453 [http-nio-8080-exec-5] INFO  API_LOG - [aaea7b46] ◀ 200 | 1ms | Body: {"success":true,"data":true,"message":"토큰이 유효합니다"}
2026-01-15 20:34:29.453 [http-nio-8080-exec-6] INFO  API_LOG - [f5ddc8bd] ▶ GET /api/auth/verify
2026-01-15 20:34:29.455 [http-nio-8080-exec-6] INFO  API_LOG - [f5ddc8bd] ◀ 200 | 2ms | Body: {"success":true,"data":true,"message":"토큰이 유효합니다"}
2026-01-15 20:34:30.455 [http-nio-8080-exec-7] INFO  API_LOG - [134730f9] ▶ GET /api/auth/verify
2026-01-15 20:34:30.457 [http-nio-8080-exec-7] INFO  API_LOG - [134730f9] ◀ 200 | 2ms | Body: {"success":true,"data":true,"message":"토큰이 유효합니다"}
2026-01-15 20:34:31.469 [http-nio-8080-exec-8] INFO  API_LOG - [437849b7] ▶ GET /api/auth/verify
2026-01-15 20:34:31.470 [http-nio-8080-exec-8] INFO  API_LOG - [437849b7] ◀ 200 | 1ms | Body: {"success":true,"data":true,"message":"토큰이 유효합니다"}
2026-01-15 20:34:32.518 [http-nio-8080-exec-9] INFO  API_LOG - [06a48336] ▶ GET /api/auth/verify
2026-01-15 20:34:32.519 [http-nio-8080-exec-9] INFO  API_LOG - [06a48336] ◀ 200 | 1ms | Body: {"success":true,"data":true,"message":"토큰이 유효합니다"}
2026-01-15 20:34:33.476 [http-nio-8080-exec-10] INFO  API_LOG - [e984b467] ▶ GET /api/auth/verify
2026-01-15 20:34:33.477 [http-nio-8080-exec-10] INFO  API_LOG - [e984b467] ◀ 200 | 1ms | Body: {"success":true,"data":true,"message":"토큰이 유효합니다"}
2026-01-15 20:34:34.479 [http-nio-8080-exec-1] INFO  API_LOG - [6965ac50] ▶ GET /api/auth/verify
2026-01-15 20:34:34.481 [http-nio-8080-exec-1] INFO  API_LOG - [6965ac50] ◀ 200 | 2ms | Body: {"success":true,"data":true,"message":"토큰이 유효합니다"}
2026-01-15 20:34:35.137 [http-nio-8080-exec-2] INFO  API_LOG - [256f8cb4] ▶ POST /api/ai/analyze
2026-01-15 20:34:35.506 [http-nio-8080-exec-3] INFO  API_LOG - [6bdccb0c] ▶ GET /api/auth/verify
2026-01-15 20:34:35.508 [http-nio-8080-exec-3] INFO  API_LOG - [6bdccb0c] ◀ 200 | 2ms | Body: {"success":true,"data":true,"message":"토큰이 유효합니다"}
2026-01-15 20:34:36.496 [http-nio-8080-exec-4] INFO  API_LOG - [252ce5c0] ▶ GET /api/auth/verify
2026-01-15 20:34:36.497 [http-nio-8080-exec-4] INFO  API_LOG - [252ce5c0] ◀ 200 | 1ms | Body: {"success":true,"data":true,"message":"토큰이 유효합니다"}
2026-01-15 20:34:37.594 [http-nio-8080-exec-5] INFO  API_LOG - [c1aa550f] ▶ GET /api/auth/verify
2026-01-15 20:34:37.595 [http-nio-8080-exec-5] INFO  API_LOG - [c1aa550f] ◀ 200 | 1ms | Body: {"success":true,"data":true,"message":"토큰이 유효합니다"}
2026-01-15 20:34:38.515 [http-nio-8080-exec-6] INFO  API_LOG - [c996e0de] ▶ GET /api/auth/verify
2026-01-15 20:34:38.515 [http-nio-8080-exec-6] INFO  API_LOG - [c996e0de] ◀ 200 | 0ms | Body: {"success":true,"data":true,"message":"토큰이 유효합니다"}
2026-01-15 20:34:39.540 [http-nio-8080-exec-7] INFO  API_LOG - [da76e7ae] ▶ GET /api/auth/verify
2026-01-15 20:34:39.542 [http-nio-8080-exec-7] INFO  API_LOG - [da76e7ae] ◀ 200 | 2ms | Body: {"success":true,"data":true,"message":"토큰이 유효합니다"}
2026-01-15 20:34:40.496 [http-nio-8080-exec-8] INFO  API_LOG - [fb1f9d24] ▶ GET /api/auth/verify
2026-01-15 20:34:40.497 [http-nio-8080-exec-8] INFO  API_LOG - [fb1f9d24] ◀ 200 | 2ms | Body: {"success":true,"data":true,"message":"토큰이 유효합니다"}
2026-01-15 20:34:41.452 [http-nio-8080-exec-2] INFO  API_LOG - [256f8cb4] ◀ 200 | 6315ms | Body: {"success":true,"data":{"needMoreInfo":true,"questions":[{"id":"cost","question":"1회당 대략 얼마를 지출하시나요?","type":"number","options":null},{"id":"frequency","question":"일주일에 몇 번 정도 하시나요?","type":"number","options":null},{"id":"duration","question":"1회당 몇 시간 정도 하시나요?","type":"number","options":null}]}}
2026-01-15 20:34:41.494 [http-nio-8080-exec-9] INFO  API_LOG - [6c7cec27] ▶ GET /api/auth/verify
2026-01-15 20:34:41.496 [http-nio-8080-exec-9] INFO  API_LOG - [6c7cec27] ◀ 200 | 2ms | Body: {"success":true,"data":true,"message":"토큰이 유효합니다"}
2026-01-15 20:34:42.508 [http-nio-8080-exec-10] INFO  API_LOG - [ac8e4ec9] ▶ GET /api/auth/verify
2026-01-15 20:34:42.509 [http-nio-8080-exec-10] INFO  API_LOG - [ac8e4ec9] ◀ 200 | 1ms | Body: {"success":true,"data":true,"message":"토큰이 유효합니다"}
2026-01-15 20:34:43.533 [http-nio-8080-exec-1] INFO  API_LOG - [78247eca] ▶ GET /api/auth/verify
2026-01-15 20:34:43.534 [http-nio-8080-exec-1] INFO  API_LOG - [78247eca] ◀ 200 | 1ms | Body: {"success":true,"data":true,"message":"토큰이 유효합니다"}
2026-01-15 20:34:44.557 [http-nio-8080-exec-3] INFO  API_LOG - [d3d3939b] ▶ GET /api/auth/verify
2026-01-15 20:34:44.558 [http-nio-8080-exec-3] INFO  API_LOG - [d3d3939b] ◀ 200 | 1ms | Body: {"success":true,"data":true,"message":"토큰이 유효합니다"}
2026-01-15 20:34:45.495 [http-nio-8080-exec-4] INFO  API_LOG - [b22573ff] ▶ GET /api/auth/verify
2026-01-15 20:34:45.496 [http-nio-8080-exec-4] INFO  API_LOG - [b22573ff] ◀ 200 | 1ms | Body: {"success":true,"data":true,"message":"토큰이 유효합니다"}
2026-01-15 20:34:46.498 [http-nio-8080-exec-5] INFO  API_LOG - [64f18c9c] ▶ GET /api/auth/verify
2026-01-15 20:34:46.499 [http-nio-8080-exec-5] INFO  API_LOG - [64f18c9c] ◀ 200 | 1ms | Body: {"success":true,"data":true,"message":"토큰이 유효합니다"}
2026-01-15 20:34:47.527 [http-nio-8080-exec-6] INFO  API_LOG - [92adacf4] ▶ GET /api/auth/verify
2026-01-15 20:34:47.528 [http-nio-8080-exec-6] INFO  API_LOG - [92adacf4] ◀ 200 | 1ms | Body: {"success":true,"data":true,"message":"토큰이 유효합니다"}
2026-01-15 20:34:48.496 [http-nio-8080-exec-7] INFO  API_LOG - [d5e0571a] ▶ GET /api/auth/verify
2026-01-15 20:34:48.497 [http-nio-8080-exec-7] INFO  API_LOG - [d5e0571a] ◀ 200 | 1ms | Body: {"success":true,"data":true,"message":"토큰이 유효합니다"}
2026-01-15 20:34:49.576 [http-nio-8080-exec-8] INFO  API_LOG - [1b939ac9] ▶ GET /api/auth/verify
2026-01-15 20:34:49.578 [http-nio-8080-exec-8] INFO  API_LOG - [1b939ac9] ◀ 200 | 2ms | Body: {"success":true,"data":true,"message":"토큰이 유효합니다"}
2026-01-15 20:34:50.598 [http-nio-8080-exec-2] INFO  API_LOG - [ec5af4e2] ▶ GET /api/auth/verify
2026-01-15 20:34:50.599 [http-nio-8080-exec-2] INFO  API_LOG - [ec5af4e2] ◀ 200 | 1ms | Body: {"success":true,"data":true,"message":"토큰이 유효합니다"}
2026-01-15 20:34:51.498 [http-nio-8080-exec-9] INFO  API_LOG - [ec8bee37] ▶ GET /api/auth/verify
2026-01-15 20:34:51.499 [http-nio-8080-exec-9] INFO  API_LOG - [ec8bee37] ◀ 200 | 1ms | Body: {"success":true,"data":true,"message":"토큰이 유효합니다"}
2026-01-15 20:34:52.544 [http-nio-8080-exec-10] INFO  API_LOG - [336280d5] ▶ GET /api/auth/verify
2026-01-15 20:34:52.545 [http-nio-8080-exec-10] INFO  API_LOG - [336280d5] ◀ 200 | 1ms | Body: {"success":true,"data":true,"message":"토큰이 유효합니다"}
2026-01-15 20:34:53.534 [http-nio-8080-exec-1] INFO  API_LOG - [f1fd2c14] ▶ GET /api/auth/verify
2026-01-15 20:34:53.535 [http-nio-8080-exec-1] INFO  API_LOG - [f1fd2c14] ◀ 200 | 1ms | Body: {"success":true,"data":true,"message":"토큰이 유효합니다"}
2026-01-15 20:34:54.538 [http-nio-8080-exec-3] INFO  API_LOG - [0c6b26f5] ▶ GET /api/auth/verify
2026-01-15 20:34:54.539 [http-nio-8080-exec-3] INFO  API_LOG - [0c6b26f5] ◀ 200 | 1ms | Body: {"success":true,"data":true,"message":"토큰이 유효합니다"}
2026-01-15 20:34:55.533 [http-nio-8080-exec-4] INFO  API_LOG - [e3d1c16d] ▶ GET /api/auth/verify
2026-01-15 20:34:55.533 [http-nio-8080-exec-4] INFO  API_LOG - [e3d1c16d] ◀ 200 | 0ms | Body: {"success":true,"data":true,"message":"토큰이 유효합니다"}
2026-01-15 20:34:56.543 [http-nio-8080-exec-5] INFO  API_LOG - [2a7a1924] ▶ GET /api/auth/verify
2026-01-15 20:34:56.544 [http-nio-8080-exec-5] INFO  API_LOG - [2a7a1924] ◀ 200 | 1ms | Body: {"success":true,"data":true,"message":"토큰이 유효합니다"}
2026-01-15 20:34:57.544 [http-nio-8080-exec-6] INFO  API_LOG - [37800af0] ▶ GET /api/auth/verify
2026-01-15 20:34:57.545 [http-nio-8080-exec-6] INFO  API_LOG - [37800af0] ◀ 200 | 1ms | Body: {"success":true,"data":true,"message":"토큰이 유효합니다"}
2026-01-15 20:34:58.541 [http-nio-8080-exec-7] INFO  API_LOG - [ba02eed5] ▶ GET /api/auth/verify
2026-01-15 20:34:58.542 [http-nio-8080-exec-7] INFO  API_LOG - [ba02eed5] ◀ 200 | 2ms | Body: {"success":true,"data":true,"message":"토큰이 유효합니다"}
2026-01-15 20:34:59.540 [http-nio-8080-exec-8] INFO  API_LOG - [c681f521] ▶ GET /api/auth/verify
2026-01-15 20:34:59.541 [http-nio-8080-exec-8] INFO  API_LOG - [c681f521] ◀ 200 | 1ms | Body: {"success":true,"data":true,"message":"토큰이 유효합니다"}
2026-01-15 20:35:00.539 [http-nio-8080-exec-2] INFO  API_LOG - [a65c655f] ▶ GET /api/auth/verify
2026-01-15 20:35:00.540 [http-nio-8080-exec-2] INFO  API_LOG - [a65c655f] ◀ 200 | 1ms | Body: {"success":true,"data":true,"message":"토큰이 유효합니다"}
2026-01-15 20:35:01.543 [http-nio-8080-exec-9] INFO  API_LOG - [e3d6063c] ▶ GET /api/auth/verify
2026-01-15 20:35:01.544 [http-nio-8080-exec-9] INFO  API_LOG - [e3d6063c] ◀ 200 | 1ms | Body: {"success":true,"data":true,"message":"토큰이 유효합니다"}
2026-01-15 20:35:02.541 [http-nio-8080-exec-10] INFO  API_LOG - [bfd5aee4] ▶ GET /api/auth/verify
2026-01-15 20:35:02.542 [http-nio-8080-exec-10] INFO  API_LOG - [bfd5aee4] ◀ 200 | 1ms | Body: {"success":true,"data":true,"message":"토큰이 유효합니다"}
2026-01-15 20:35:03.552 [http-nio-8080-exec-1] INFO  API_LOG - [c42bb3c1] ▶ GET /api/auth/verify
2026-01-15 20:35:03.552 [http-nio-8080-exec-1] INFO  API_LOG - [c42bb3c1] ◀ 200 | 0ms | Body: {"success":true,"data":true,"message":"토큰이 유효합니다"}
2026-01-15 20:35:04.614 [http-nio-8080-exec-3] INFO  API_LOG - [bb9d6bde] ▶ GET /api/auth/verify
2026-01-15 20:35:04.615 [http-nio-8080-exec-3] INFO  API_LOG - [bb9d6bde] ◀ 200 | 1ms | Body: {"success":true,"data":true,"message":"토큰이 유효합니다"}
2026-01-15 20:35:05.651 [http-nio-8080-exec-4] INFO  API_LOG - [9764336b] ▶ GET /api/auth/verify
2026-01-15 20:35:05.652 [http-nio-8080-exec-4] INFO  API_LOG - [9764336b] ◀ 200 | 1ms | Body: {"success":true,"data":true,"message":"토큰이 유효합니다"}
2026-01-15 20:35:06.573 [http-nio-8080-exec-5] INFO  API_LOG - [62b48aff] ▶ GET /api/auth/verify
2026-01-15 20:35:06.574 [http-nio-8080-exec-5] INFO  API_LOG - [62b48aff] ◀ 200 | 1ms | Body: {"success":true,"data":true,"message":"토큰이 유효합니다"}
2026-01-15 20:35:06.633 [http-nio-8080-exec-6] INFO  API_LOG - [f0a67960] ▶ POST /api/ai/analyze/complete
2026-01-15 20:35:07.556 [http-nio-8080-exec-7] INFO  API_LOG - [46ede1dc] ▶ GET /api/auth/verify
2026-01-15 20:35:07.557 [http-nio-8080-exec-7] INFO  API_LOG - [46ede1dc] ◀ 200 | 1ms | Body: {"success":true,"data":true,"message":"토큰이 유효합니다"}
2026-01-15 20:35:08.554 [http-nio-8080-exec-8] INFO  API_LOG - [7a65b452] ▶ GET /api/auth/verify
2026-01-15 20:35:08.555 [http-nio-8080-exec-8] INFO  API_LOG - [7a65b452] ◀ 200 | 1ms | Body: {"success":true,"data":true,"message":"토큰이 유효합니다"}
2026-01-15 20:35:09.560 [http-nio-8080-exec-2] INFO  API_LOG - [4e9bf2b8] ▶ GET /api/auth/verify
2026-01-15 20:35:09.561 [http-nio-8080-exec-2] INFO  API_LOG - [4e9bf2b8] ◀ 200 | 1ms | Body: {"success":true,"data":true,"message":"토큰이 유효합니다"}
2026-01-15 20:35:10.554 [http-nio-8080-exec-9] INFO  API_LOG - [6fc2025a] ▶ GET /api/auth/verify
2026-01-15 20:35:10.556 [http-nio-8080-exec-9] INFO  API_LOG - [6fc2025a] ◀ 200 | 2ms | Body: {"success":true,"data":true,"message":"토큰이 유효합니다"}
2026-01-15 20:35:11.557 [http-nio-8080-exec-10] INFO  API_LOG - [2d1b7682] ▶ GET /api/auth/verify
2026-01-15 20:35:11.557 [http-nio-8080-exec-10] INFO  API_LOG - [2d1b7682] ◀ 200 | 0ms | Body: {"success":true,"data":true,"message":"토큰이 유효합니다"}
2026-01-15 20:35:12.617 [http-nio-8080-exec-1] INFO  API_LOG - [596f5b6e] ▶ GET /api/auth/verify
2026-01-15 20:35:12.619 [http-nio-8080-exec-1] INFO  API_LOG - [596f5b6e] ◀ 200 | 1ms | Body: {"success":true,"data":true,"message":"토큰이 유효합니다"}
2026-01-15 20:35:12.935 [http-nio-8080-exec-6] INFO  API_LOG - [f0a67960] ◀ 200 | 6302ms | Body: {"success":true,"data":{"value":10000,"breakdown":{"directCost":7000,"healthCost":1000,"opportunityCost":1000,"psychologicalCost":1000},"explanation":"기본값으로 산정되었습니다. 다시 시도해주세요.","sources":["기본값"]}}
2026-01-15 20:35:13.567 [http-nio-8080-exec-3] INFO  API_LOG - [6a7392d9] ▶ GET /api/auth/verify
2026-01-15 20:35:13.569 [http-nio-8080-exec-3] INFO  API_LOG - [6a7392d9] ◀ 200 | 1ms | Body: {"success":true,"data":true,"message":"토큰이 유효합니다"}
2026-01-15 20:35:14.555 [http-nio-8080-exec-4] INFO  API_LOG - [4f7518e7] ▶ GET /api/auth/verify
2026-01-15 20:35:14.556 [http-nio-8080-exec-4] INFO  API_LOG - [4f7518e7] ◀ 200 | 1ms | Body: {"success":true,"data":true,"message":"토큰이 유효합니다"}
2026-01-15 20:35:15.555 [http-nio-8080-exec-5] INFO  API_LOG - [73e9c5a8] ▶ GET /api/auth/verify
2026-01-15 20:35:15.555 [http-nio-8080-exec-5] INFO  API_LOG - [73e9c5a8] ◀ 200 | 0ms | Body: {"success":true,"data":true,"message":"토큰이 유효합니다"}
2026-01-15 20:35:16.572 [http-nio-8080-exec-7] INFO  API_LOG - [f7f9acb1] ▶ GET /api/auth/verify
2026-01-15 20:35:16.572 [http-nio-8080-exec-7] INFO  API_LOG - [f7f9acb1] ◀ 200 | 0ms | Body: {"success":true,"data":true,"message":"토큰이 유효합니다"}
2026-01-15 20:35:17.631 [http-nio-8080-exec-8] INFO  API_LOG - [6135395b] ▶ GET /api/auth/verify
2026-01-15 20:35:17.632 [http-nio-8080-exec-8] INFO  API_LOG - [6135395b] ◀ 200 | 1ms | Body: {"success":true,"data":true,"message":"토큰이 유효합니다"}
2026-01-15 20:35:18.753 [http-nio-8080-exec-2] INFO  API_LOG - [b880f1ec] ▶ GET /api/auth/verify
2026-01-15 20:35:18.755 [http-nio-8080-exec-2] INFO  API_LOG - [b880f1ec] ◀ 200 | 1ms | Body: {"success":true,"data":true,"message":"토큰이 유효합니다"}
2026-01-15 20:35:19.572 [http-nio-8080-exec-9] INFO  API_LOG - [455321db] ▶ GET /api/auth/verify
2026-01-15 20:35:19.573 [http-nio-8080-exec-9] INFO  API_LOG - [455321db] ◀ 200 | 1ms | Body: {"success":true,"data":true,"message":"토큰이 유효합니다"}
2026-01-15 20:35:20.572 [http-nio-8080-exec-10] INFO  API_LOG - [9f7e51a8] ▶ GET /api/auth/verify
2026-01-15 20:35:20.573 [http-nio-8080-exec-10] INFO  API_LOG - [9f7e51a8] ◀ 200 | 1ms | Body: {"success":true,"data":true,"message":"토큰이 유효합니다"}
2026-01-15 20:35:21.626 [http-nio-8080-exec-1] INFO  API_LOG - [dae1e28f] ▶ GET /api/auth/verify
2026-01-15 20:35:21.627 [http-nio-8080-exec-1] INFO  API_LOG - [dae1e28f] ◀ 200 | 1ms | Body: {"success":true,"data":true,"message":"토큰이 유효합니다"}
2026-01-15 20:35:21.869 [http-nio-8080-exec-6] INFO  API_LOG - [073af2a0] ▶ POST /api/habits
2026-01-15 20:35:21.901 [http-nio-8080-exec-6] INFO  API_LOG - [073af2a0] ◀ 200 | 32ms | Body: {"success":true,"data":{"id":2,"name":"흡연하기","category":"SMOKING","reason":"돈과 건강이 걱정되요","icon":"\uD83D\uDEAC","baseValue":10000,"aiValue":10000,"aiDescription":"기본값으로 산정되었습니다. 다시 시도해주세요.","effectiveValue":10000,"isActive":true,"displayOrder":2,"lastSavedAt":null,"createdAt":"2026-01-15 20:35:21"}}
2026-01-15 20:35:22.650 [http-nio-8080-exec-3] INFO  API_LOG - [b02da09f] ▶ GET /api/auth/verify
2026-01-15 20:35:22.651 [http-nio-8080-exec-3] INFO  API_LOG - [b02da09f] ◀ 200 | 1ms | Body: {"success":true,"data":true,"message":"토큰이 유효합니다"}
2026-01-15 20:35:23.271 [http-nio-8080-exec-4] INFO  API_LOG - [01422aaa] ▶ GET /api/habits
2026-01-15 20:35:23.282 [http-nio-8080-exec-4] INFO  API_LOG - [01422aaa] ◀ 200 | 11ms | Body: {"success":true,"data":[{"id":1,"name":"배달음식","category":"EATING","reason":"돈이 너무 많이 나가요","icon":"\uD83C\uDF55","baseValue":15000,"aiValue":18500,"aiDescription":"배달음식 1회 평균 15,000원 + 건강비용","effectiveValue":18500,"isActive":true,"displayOrder":1,"lastSavedAt":null,"createdAt":"2025-12-31 14:31:18"},{"id":2,"name":"흡연하기","category":"SMOKING","reason":"돈과 건강이 걱정되요","icon":"\uD83D\uDEAC","baseValue":10000,"aiValue":10000,"aiDescription":"기본값으로 산정되었습니다. 다시 시도해주세요.","effectiveValue":10000,"isActive":...(truncated)
2026-01-15 20:35:23.586 [http-nio-8080-exec-5] INFO  API_LOG - [7892cd85] ▶ GET /api/auth/verify
2026-01-15 20:35:23.587 [http-nio-8080-exec-5] INFO  API_LOG - [7892cd85] ◀ 200 | 1ms | Body: {"success":true,"data":true,"message":"토큰이 유효합니다"}
2026-01-15 20:35:24.589 [http-nio-8080-exec-7] INFO  API_LOG - [a723706a] ▶ GET /api/auth/verify
2026-01-15 20:35:24.591 [http-nio-8080-exec-7] INFO  API_LOG - [a723706a] ◀ 200 | 2ms | Body: {"success":true,"data":true,"message":"토큰이 유효합니다"}
2026-01-15 20:35:25.589 [http-nio-8080-exec-8] INFO  API_LOG - [0657d062] ▶ GET /api/auth/verify
2026-01-15 20:35:25.590 [http-nio-8080-exec-8] INFO  API_LOG - [0657d062] ◀ 200 | 1ms | Body: {"success":true,"data":true,"message":"토큰이 유효합니다"}
2026-01-15 20:35:26.610 [http-nio-8080-exec-2] INFO  API_LOG - [1a17588b] ▶ GET /api/auth/verify
2026-01-15 20:35:26.611 [http-nio-8080-exec-2] INFO  API_LOG - [1a17588b] ◀ 200 | 1ms | Body: {"success":true,"data":true,"message":"토큰이 유효합니다"}
2026-01-15 20:35:27.616 [http-nio-8080-exec-9] INFO  API_LOG - [e1a6cb29] ▶ GET /api/auth/verify
2026-01-15 20:35:27.617 [http-nio-8080-exec-9] INFO  API_LOG - [e1a6cb29] ◀ 200 | 1ms | Body: {"success":true,"data":true,"message":"토큰이 유효합니다"}
2026-01-15 20:35:28.596 [http-nio-8080-exec-10] INFO  API_LOG - [386f725d] ▶ GET /api/auth/verify
2026-01-15 20:35:28.597 [http-nio-8080-exec-10] INFO  API_LOG - [386f725d] ◀ 200 | 1ms | Body: {"success":true,"data":true,"message":"토큰이 유효합니다"}
2026-01-15 20:35:29.612 [http-nio-8080-exec-1] INFO  API_LOG - [d717466b] ▶ GET /api/auth/verify
2026-01-15 20:35:29.613 [http-nio-8080-exec-1] INFO  API_LOG - [d717466b] ◀ 200 | 1ms | Body: {"success":true,"data":true,"message":"토큰이 유효합니다"}
2026-01-15 20:35:30.593 [http-nio-8080-exec-6] INFO  API_LOG - [f042d641] ▶ GET /api/auth/verify
2026-01-15 20:35:30.594 [http-nio-8080-exec-6] INFO  API_LOG - [f042d641] ◀ 200 | 1ms | Body: {"success":true,"data":true,"message":"토큰이 유효합니다"}
2026-01-15 20:35:31.663 [http-nio-8080-exec-3] INFO  API_LOG - [670833bb] ▶ GET /api/auth/verify
2026-01-15 20:35:31.664 [http-nio-8080-exec-3] INFO  API_LOG - [670833bb] ◀ 200 | 0ms | Body: {"success":true,"data":true,"message":"토큰이 유효합니다"}
2026-01-15 20:35:32.591 [http-nio-8080-exec-4] INFO  API_LOG - [98a5bade] ▶ GET /api/auth/verify
2026-01-15 20:35:32.592 [http-nio-8080-exec-4] INFO  API_LOG - [98a5bade] ◀ 200 | 1ms | Body: {"success":true,"data":true,"message":"토큰이 유효합니다"}
2026-01-15 20:35:33.592 [http-nio-8080-exec-5] INFO  API_LOG - [51e9d88f] ▶ GET /api/auth/verify
2026-01-15 20:35:33.593 [http-nio-8080-exec-5] INFO  API_LOG - [51e9d88f] ◀ 200 | 1ms | Body: {"success":true,"data":true,"message":"토큰이 유효합니다"}
2026-01-15 20:35:34.591 [http-nio-8080-exec-7] INFO  API_LOG - [a019e10f] ▶ GET /api/auth/verify
2026-01-15 20:35:34.592 [http-nio-8080-exec-7] INFO  API_LOG - [a019e10f] ◀ 200 | 1ms | Body: {"success":true,"data":true,"message":"토큰이 유효합니다"}
2026-01-15 20:35:35.654 [http-nio-8080-exec-8] INFO  API_LOG - [9cfdc540] ▶ GET /api/auth/verify
2026-01-15 20:35:35.655 [http-nio-8080-exec-8] INFO  API_LOG - [9cfdc540] ◀ 200 | 1ms | Body: {"success":true,"data":true,"message":"토큰이 유효합니다"}
2026-01-15 20:35:36.615 [http-nio-8080-exec-2] INFO  API_LOG - [849cace4] ▶ GET /api/auth/verify
2026-01-15 20:35:36.616 [http-nio-8080-exec-2] INFO  API_LOG - [849cace4] ◀ 200 | 1ms | Body: {"success":true,"data":true,"message":"토큰이 유효합니다"}
2026-01-15 20:35:37.702 [http-nio-8080-exec-9] INFO  API_LOG - [3d4d79db] ▶ GET /api/auth/verify
2026-01-15 20:35:37.703 [http-nio-8080-exec-9] INFO  API_LOG - [3d4d79db] ◀ 200 | 1ms | Body: {"success":true,"data":true,"message":"토큰이 유효합니다"}
2026-01-15 20:35:38.625 [http-nio-8080-exec-10] INFO  API_LOG - [78e17b01] ▶ GET /api/auth/verify
2026-01-15 20:35:38.626 [http-nio-8080-exec-10] INFO  API_LOG - [78e17b01] ◀ 200 | 1ms | Body: {"success":true,"data":true,"message":"토큰이 유효합니다"}
2026-01-15 20:35:39.647 [http-nio-8080-exec-1] INFO  API_LOG - [6148ce9d] ▶ GET /api/auth/verify
2026-01-15 20:35:39.648 [http-nio-8080-exec-1] INFO  API_LOG - [6148ce9d] ◀ 200 | 1ms | Body: {"success":true,"data":true,"message":"토큰이 유효합니다"}
2026-01-15 20:35:40.672 [http-nio-8080-exec-6] INFO  API_LOG - [e0637b2f] ▶ GET /api/auth/verify
2026-01-15 20:35:40.673 [http-nio-8080-exec-6] INFO  API_LOG - [e0637b2f] ◀ 200 | 1ms | Body: {"success":true,"data":true,"message":"토큰이 유효합니다"}
2026-01-15 20:35:41.696 [http-nio-8080-exec-3] INFO  API_LOG - [920f91eb] ▶ GET /api/auth/verify
2026-01-15 20:35:41.697 [http-nio-8080-exec-3] INFO  API_LOG - [920f91eb] ◀ 200 | 1ms | Body: {"success":true,"data":true,"message":"토큰이 유효합니다"}
2026-01-15 20:35:42.609 [http-nio-8080-exec-4] INFO  API_LOG - [5d147180] ▶ GET /api/auth/verify
2026-01-15 20:35:42.610 [http-nio-8080-exec-4] INFO  API_LOG - [5d147180] ◀ 200 | 1ms | Body: {"success":true,"data":true,"message":"토큰이 유효합니다"}
2026-01-15 20:35:43.641 [http-nio-8080-exec-5] INFO  API_LOG - [2298cdb2] ▶ GET /api/auth/verify
2026-01-15 20:35:43.642 [http-nio-8080-exec-5] INFO  API_LOG - [2298cdb2] ◀ 200 | 1ms | Body: {"success":true,"data":true,"message":"토큰이 유효합니다"}
2026-01-15 20:35:44.615 [http-nio-8080-exec-7] INFO  API_LOG - [4ddbfa69] ▶ GET /api/auth/verify
2026-01-15 20:35:44.616 [http-nio-8080-exec-7] INFO  API_LOG - [4ddbfa69] ◀ 200 | 1ms | Body: {"success":true,"data":true,"message":"토큰이 유효합니다"}
2026-01-15 20:35:45.611 [http-nio-8080-exec-8] INFO  API_LOG - [1e611329] ▶ GET /api/auth/verify
2026-01-15 20:35:45.612 [http-nio-8080-exec-8] INFO  API_LOG - [1e611329] ◀ 200 | 1ms | Body: {"success":true,"data":true,"message":"토큰이 유효합니다"}
2026-01-15 20:35:46.611 [http-nio-8080-exec-2] INFO  API_LOG - [e2d4c791] ▶ GET /api/auth/verify
2026-01-15 20:35:46.612 [http-nio-8080-exec-2] INFO  API_LOG - [e2d4c791] ◀ 200 | 1ms | Body: {"success":true,"data":true,"message":"토큰이 유효합니다"}
2026-01-15 20:35:47.614 [http-nio-8080-exec-9] INFO  API_LOG - [221afe5e] ▶ GET /api/auth/verify
2026-01-15 20:35:47.615 [http-nio-8080-exec-9] INFO  API_LOG - [221afe5e] ◀ 200 | 1ms | Body: {"success":true,"data":true,"message":"토큰이 유효합니다"}
2026-01-15 20:35:48.616 [http-nio-8080-exec-10] INFO  API_LOG - [b1a0d3f9] ▶ GET /api/auth/verify
2026-01-15 20:35:48.617 [http-nio-8080-exec-10] INFO  API_LOG - [b1a0d3f9] ◀ 200 | 1ms | Body: {"success":true,"data":true,"message":"토큰이 유효합니다"}
2026-01-15 20:35:49.610 [http-nio-8080-exec-1] INFO  API_LOG - [60b673db] ▶ GET /api/auth/verify
2026-01-15 20:35:49.611 [http-nio-8080-exec-1] INFO  API_LOG - [60b673db] ◀ 200 | 1ms | Body: {"success":true,"data":true,"message":"토큰이 유효합니다"}
2026-01-15 20:35:50.609 [http-nio-8080-exec-6] INFO  API_LOG - [39e36197] ▶ GET /api/auth/verify
2026-01-15 20:35:50.610 [http-nio-8080-exec-6] INFO  API_LOG - [39e36197] ◀ 200 | 1ms | Body: {"success":true,"data":true,"message":"토큰이 유효합니다"}
2026-01-15 20:35:51.630 [http-nio-8080-exec-3] INFO  API_LOG - [665104b7] ▶ GET /api/auth/verify
2026-01-15 20:35:51.631 [http-nio-8080-exec-3] INFO  API_LOG - [665104b7] ◀ 200 | 1ms | Body: {"success":true,"data":true,"message":"토큰이 유효합니다"}
2026-01-15 20:35:52.611 [http-nio-8080-exec-4] INFO  API_LOG - [d5618bf5] ▶ GET /api/auth/verify
2026-01-15 20:35:52.612 [http-nio-8080-exec-4] INFO  API_LOG - [d5618bf5] ◀ 200 | 1ms | Body: {"success":true,"data":true,"message":"토큰이 유효합니다"}
2026-01-15 20:35:53.611 [http-nio-8080-exec-5] INFO  API_LOG - [a72fa070] ▶ GET /api/auth/verify
2026-01-15 20:35:53.612 [http-nio-8080-exec-5] INFO  API_LOG - [a72fa070] ◀ 200 | 1ms | Body: {"success":true,"data":true,"message":"토큰이 유효합니다"}
2026-01-15 20:35:54.689 [http-nio-8080-exec-7] INFO  API_LOG - [77b43dc7] ▶ GET /api/auth/verify
2026-01-15 20:35:54.690 [http-nio-8080-exec-7] INFO  API_LOG - [77b43dc7] ◀ 200 | 1ms | Body: {"success":true,"data":true,"message":"토큰이 유효합니다"}
2026-01-15 20:35:55.611 [http-nio-8080-exec-8] INFO  API_LOG - [e2ef093f] ▶ GET /api/auth/verify
2026-01-15 20:35:55.612 [http-nio-8080-exec-8] INFO  API_LOG - [e2ef093f] ◀ 200 | 1ms | Body: {"success":true,"data":true,"message":"토큰이 유효합니다"}
2026-01-15 20:35:56.613 [http-nio-8080-exec-2] INFO  API_LOG - [d95e5756] ▶ GET /api/auth/verify
2026-01-15 20:35:56.613 [http-nio-8080-exec-2] INFO  API_LOG - [d95e5756] ◀ 200 | 0ms | Body: {"success":true,"data":true,"message":"토큰이 유효합니다"}
2026-01-15 20:35:57.672 [http-nio-8080-exec-9] INFO  API_LOG - [0a0554ac] ▶ GET /api/auth/verify
2026-01-15 20:35:57.673 [http-nio-8080-exec-9] INFO  API_LOG - [0a0554ac] ◀ 200 | 1ms | Body: {"success":true,"data":true,"message":"토큰이 유효합니다"}
2026-01-15 20:35:58.697 [http-nio-8080-exec-10] INFO  API_LOG - [61d751f1] ▶ GET /api/auth/verify
2026-01-15 20:35:58.698 [http-nio-8080-exec-10] INFO  API_LOG - [61d751f1] ◀ 200 | 1ms | Body: {"success":true,"data":true,"message":"토큰이 유효합니다"}
2026-01-15 20:35:59.719 [http-nio-8080-exec-1] INFO  API_LOG - [02f717a3] ▶ GET /api/auth/verify
2026-01-15 20:35:59.720 [http-nio-8080-exec-1] INFO  API_LOG - [02f717a3] ◀ 200 | 1ms | Body: {"success":true,"data":true,"message":"토큰이 유효합니다"}
2026-01-15 20:36:00.612 [http-nio-8080-exec-6] INFO  API_LOG - [ef6bdd18] ▶ GET /api/auth/verify
2026-01-15 20:36:00.613 [http-nio-8080-exec-6] INFO  API_LOG - [ef6bdd18] ◀ 200 | 1ms | Body: {"success":true,"data":true,"message":"토큰이 유효합니다"}
2026-01-15 20:36:01.612 [http-nio-8080-exec-3] INFO  API_LOG - [f0ec7ff9] ▶ GET /api/auth/verify
2026-01-15 20:36:01.613 [http-nio-8080-exec-3] INFO  API_LOG - [f0ec7ff9] ◀ 200 | 1ms | Body: {"success":true,"data":true,"message":"토큰이 유효합니다"}
2026-01-15 20:36:01.918 [http-nio-8080-exec-4] INFO  API_LOG - [9ce850a7] ▶ GET /api/auth/verify
2026-01-15 20:36:01.919 [http-nio-8080-exec-4] INFO  API_LOG - [9ce850a7] ◀ 200 | 1ms | Body: {"success":true,"data":true,"message":"토큰이 유효합니다"}
2026-01-15 20:36:01.931 [http-nio-8080-exec-5] INFO  API_LOG - [3c6a8672] ▶ GET /api/auth/verify
2026-01-15 20:36:01.932 [http-nio-8080-exec-5] INFO  API_LOG - [3c6a8672] ◀ 200 | 1ms | Body: {"success":true,"data":true,"message":"토큰이 유효합니다"}
2026-01-15 20:36:24.165 [http-nio-8080-exec-7] INFO  API_LOG - [fe8db66f] ▶ GET /api/auth/verify
2026-01-15 20:36:24.166 [http-nio-8080-exec-7] INFO  API_LOG - [fe8db66f] ◀ 200 | 1ms | Body: {"success":true,"data":true,"message":"토큰이 유효합니다"}
2026-01-15 20:36:36.040 [http-nio-8080-exec-2] INFO  API_LOG - [e68b8d64] ▶ GET /api/auth/verify
2026-01-15 20:36:36.041 [http-nio-8080-exec-2] INFO  API_LOG - [e68b8d64] ◀ 200 | 1ms | Body: {"success":true,"data":true,"message":"토큰이 유효합니다"}
2026-01-15 20:36:59.307 [http-nio-8080-exec-9] INFO  API_LOG - [3a164182] ▶ GET /api/auth/verify
2026-01-15 20:36:59.309 [http-nio-8080-exec-9] INFO  API_LOG - [3a164182] ◀ 200 | 2ms | Body: {"success":true,"data":true,"message":"토큰이 유효합니다"}
2026-01-15 20:37:15.774 [http-nio-8080-exec-10] INFO  API_LOG - [96114c46] ▶ GET /api/auth/verify
2026-01-15 20:37:15.774 [http-nio-8080-exec-10] INFO  API_LOG - [96114c46] ◀ 200 | 0ms | Body: {"success":true,"data":true,"message":"토큰이 유효합니다"}
2026-01-15 20:38:27.886 [http-nio-8080-exec-6] INFO  API_LOG - [c9e7bef4] ▶ GET /api/auth/verify
2026-01-15 20:38:27.888 [http-nio-8080-exec-6] INFO  API_LOG - [c9e7bef4] ◀ 200 | 2ms | Body: {"success":true,"data":true,"message":"토큰이 유효합니다"}
