2025-12-28 15:43:31.758 [http-nio-8080-exec-1] INFO  API_LOG - [7c9e937b] ▶ GET /api/auth/kakao/login-url
2025-12-28 15:43:31.793 [http-nio-8080-exec-1] INFO  API_LOG - [7c9e937b] ◀ 200 | 35ms | Body: {"success":true,"data":"https://kauth.kakao.com/oauth/authorize?client_id=648cda3d486be2df129bca08f78e3009&redirect_uri=http://localhost:8080/api/auth/kakao/callback&response_type=code"}
2025-12-28 16:26:24.739 [http-nio-8080-exec-1] INFO  API_LOG - [15e38985] ▶ GET /api/auth/kakao/login-url
2025-12-28 16:26:24.767 [http-nio-8080-exec-1] INFO  API_LOG - [15e38985] ◀ 200 | 28ms | Body: {"success":true,"data":"https://kauth.kakao.com/oauth/authorize?client_id=648cda3d486be2df129bca08f78e3009&redirect_uri=http://localhost:8080/api/auth/kakao/callback&response_type=code"}
2025-12-28 16:26:54.018 [http-nio-8080-exec-3] INFO  API_LOG - [bd94dbc3] ▶ GET /api/auth/kakao/callback?code=U0FHhDpTH408NGur924REyWLcJoxyjLPZBMs_LsaCrHuj804MFw1wgAAAAQKFxBvAAABm2PaXjwq17LwdM8QAg
2025-12-28 16:26:54.611 [http-nio-8080-exec-3] INFO  API_LOG - [bd94dbc3] ◀ 200 | 594ms | Body: {"success":true,"data":{"userId":1,"email":"jjtjdalssla10@daum.net","nickname":"권성민","profileImage":"http://img1.kakaocdn.net/thumb/R640x640.q70/?fname=http://t1.kakaocdn.net/account_images/default_profile.jpeg","accessToken":"eyJhbGciOiJIUzUxMiJ9.eyJzdWIiOiIxIiwiZW1haWwiOiJqanRqZGFsc3NsYTEwQGRhdW0ubmV0IiwiaWF0IjoxNzY2OTA2ODE0LCJleHAiOjE3NjY5MDg2MTR9.EYn9IxUx5BFYPSvcchquVJthQnvdpPOyJ9dRAQn4mqZVA3pbjhqijR6hO2mBh2fe_EkBHUl-3NGmohvmTnI6cw","refreshToken":"abad708d-43a0-4ef5-b442-b4bcbad303a6","newU...(truncated)
2025-12-28 16:27:11.136 [http-nio-8080-exec-4] INFO  API_LOG - [8fee75cb] ▶ POST /api/auth/logout
2025-12-28 16:27:11.171 [http-nio-8080-exec-4] INFO  API_LOG - [8fee75cb] ◀ 200 | 34ms | Body: {"success":true,"message":"로그아웃 성공"}
2025-12-28 16:27:13.141 [http-nio-8080-exec-5] INFO  API_LOG - [867d7251] ▶ GET /api/auth/kakao/login-url
2025-12-28 16:27:13.143 [http-nio-8080-exec-5] INFO  API_LOG - [867d7251] ◀ 200 | 2ms | Body: {"success":true,"data":"https://kauth.kakao.com/oauth/authorize?client_id=648cda3d486be2df129bca08f78e3009&redirect_uri=http://localhost:8080/api/auth/kakao/callback&response_type=code"}
2025-12-28 16:27:13.360 [http-nio-8080-exec-6] INFO  API_LOG - [bae1d827] ▶ GET /api/auth/kakao/callback?code=8TIHcU-RqZbNKHbyMxQr5tvjQGa2dqvch_Um83Y_4HHMkcffghdlOgAAAAQKFxBvAAABm2Paqd9ONYg--5I0Sw
2025-12-28 16:27:13.559 [http-nio-8080-exec-6] INFO  API_LOG - [bae1d827] ◀ 200 | 199ms | Body: {"success":true,"data":{"userId":1,"email":"jjtjdalssla10@daum.net","nickname":"권성민","profileImage":"http://img1.kakaocdn.net/thumb/R640x640.q70/?fname=http://t1.kakaocdn.net/account_images/default_profile.jpeg","accessToken":"eyJhbGciOiJIUzUxMiJ9.eyJzdWIiOiIxIiwiZW1haWwiOiJqanRqZGFsc3NsYTEwQGRhdW0ubmV0IiwiaWF0IjoxNzY2OTA2ODMzLCJleHAiOjE3NjY5MDg2MzN9.XcBEkpwb_1_aAd-lcqwEQc6DtzL7lCY-6BAmT5euL68L7EVXialZn-eVf3TaYI_T-zHfSYxkwWO97_AMb1i6eA","refreshToken":"554ff5e3-e0d5-495c-b408-f4d057c7faec","newU...(truncated)
2025-12-28 16:27:24.006 [http-nio-8080-exec-7] INFO  API_LOG - [ab217eee] ▶ POST /api/auth/logout
2025-12-28 16:27:24.019 [http-nio-8080-exec-7] INFO  API_LOG - [ab217eee] ◀ 200 | 13ms | Body: {"success":true,"message":"로그아웃 성공"}
2025-12-28 16:27:55.638 [http-nio-8080-exec-9] INFO  API_LOG - [fc848e9c] ▶ GET /api/auth/kakao/login-url
2025-12-28 16:27:55.640 [http-nio-8080-exec-9] INFO  API_LOG - [fc848e9c] ◀ 200 | 2ms | Body: {"success":true,"data":"https://kauth.kakao.com/oauth/authorize?client_id=648cda3d486be2df129bca08f78e3009&redirect_uri=http://localhost:8080/api/auth/kakao/callback&response_type=code"}
2025-12-28 16:27:55.868 [http-nio-8080-exec-10] INFO  API_LOG - [70b4164f] ▶ GET /api/auth/kakao/callback?code=ulz_dyL2apmNBCcivFETSbvXBH5qXdSl6rWcsObKzuUK2E9Ao2B_igAAAAQKDRuaAAABm2PbT-Qh5oEAb4_jFQ
2025-12-28 16:27:56.223 [http-nio-8080-exec-10] INFO  API_LOG - [70b4164f] ◀ 200 | 355ms | Body: {"success":true,"data":{"userId":1,"email":"jjtjdalssla10@daum.net","nickname":"권성민","profileImage":"http://img1.kakaocdn.net/thumb/R640x640.q70/?fname=http://t1.kakaocdn.net/account_images/default_profile.jpeg","accessToken":"eyJhbGciOiJIUzUxMiJ9.eyJzdWIiOiIxIiwiZW1haWwiOiJqanRqZGFsc3NsYTEwQGRhdW0ubmV0IiwiaWF0IjoxNzY2OTA2ODc2LCJleHAiOjE3NjY5MDg2NzZ9.WVXvolv0j3X27OwLfzB6W2XHLVHluJQWJqEDls5NhTnds5oYGo1BE0tTY6sgMq0Xitz3WUzRLvVR9iYa2e_H9Q","refreshToken":"5e0b694f-ed75-41d0-9d79-f4637d7515de","newU...(truncated)
2025-12-28 16:28:05.329 [http-nio-8080-exec-1] INFO  API_LOG - [992dba83] ▶ POST /api/auth/logout
2025-12-28 16:28:05.343 [http-nio-8080-exec-1] INFO  API_LOG - [992dba83] ◀ 200 | 14ms | Body: {"success":true,"message":"로그아웃 성공"}
2025-12-28 16:33:53.960 [http-nio-8080-exec-3] INFO  API_LOG - [8f7ee1d6] ▶ GET /api/auth/kakao/login-url
2025-12-28 16:33:53.968 [http-nio-8080-exec-3] INFO  API_LOG - [8f7ee1d6] ◀ 200 | 8ms | Body: {"success":true,"data":"https://kauth.kakao.com/oauth/authorize?client_id=648cda3d486be2df129bca08f78e3009&redirect_uri=http://localhost:8080/api/auth/kakao/callback&response_type=code"}
2025-12-28 16:33:54.218 [http-nio-8080-exec-4] INFO  API_LOG - [edf2bc86] ▶ GET /api/auth/kakao/callback?code=JRzZpfS4nsLTmRa06VadcXv-gsPl9OtkMn_M-ZDK7v07Tpfvg7Z0kQAAAAQKDSAbAAABm2Pgx8Ki-KZYUq23DA
2025-12-28 16:33:54.545 [http-nio-8080-exec-4] INFO  API_LOG - [edf2bc86] ◀ 200 | 327ms | Body: {"success":true,"data":{"userId":2,"email":"jjtjdalssla10@daum.net","nickname":"권성민","profileImage":"http://img1.kakaocdn.net/thumb/R640x640.q70/?fname=http://t1.kakaocdn.net/account_images/default_profile.jpeg","accessToken":"eyJhbGciOiJIUzUxMiJ9.eyJzdWIiOiIyIiwiZW1haWwiOiJqanRqZGFsc3NsYTEwQGRhdW0ubmV0IiwiaWF0IjoxNzY2OTA3MjM0LCJleHAiOjE3NjY5MDkwMzR9.5d1S_wziYfEtg94eXs0OSQAg5SRbLfyIN2HTsTk6sIFXBTsjbondteLPyG9nvtYPYvTIpeHjw-zqTba9Rx8xPg","refreshToken":"e82734e4-c242-4b7d-ba22-d9d387366427","newU...(truncated)
2025-12-28 16:34:42.616 [http-nio-8080-exec-6] INFO  API_LOG - [79e92a16] ▶ POST /api/auth/logout
2025-12-28 16:34:42.631 [http-nio-8080-exec-6] INFO  API_LOG - [79e92a16] ◀ 200 | 15ms | Body: {"success":true,"message":"로그아웃 성공"}
2025-12-28 16:34:43.717 [http-nio-8080-exec-7] INFO  API_LOG - [e644f9a2] ▶ GET /api/auth/kakao/login-url
2025-12-28 16:34:43.720 [http-nio-8080-exec-7] INFO  API_LOG - [e644f9a2] ◀ 200 | 3ms | Body: {"success":true,"data":"https://kauth.kakao.com/oauth/authorize?client_id=648cda3d486be2df129bca08f78e3009&redirect_uri=http://localhost:8080/api/auth/kakao/callback&response_type=code"}
2025-12-28 16:34:44.015 [http-nio-8080-exec-8] INFO  API_LOG - [6d59bae6] ▶ GET /api/auth/kakao/callback?code=2RMHt97iYpO4Y3UBiEx3SlTZEc4KGybotz1t_PC9VgQTeqZ0bPEUywAAAAQKDSAbAAABm2PhikXHP8VuE1ZNOQ
2025-12-28 16:34:44.307 [http-nio-8080-exec-8] INFO  API_LOG - [6d59bae6] ◀ 200 | 292ms | Body: {"success":true,"data":{"userId":3,"email":"jjtjdalssla10@daum.net","nickname":"권성민","profileImage":"http://img1.kakaocdn.net/thumb/R640x640.q70/?fname=http://t1.kakaocdn.net/account_images/default_profile.jpeg","accessToken":"eyJhbGciOiJIUzUxMiJ9.eyJzdWIiOiIzIiwiZW1haWwiOiJqanRqZGFsc3NsYTEwQGRhdW0ubmV0IiwiaWF0IjoxNzY2OTA3Mjg0LCJleHAiOjE3NjY5MDkwODR9.PPVSrSgMiH4lxzI8hMXJvckIbelsOCT2r5Oa3pOcyvazvLPwPPxq3oWHKiuGhZNLTugJJZLEosC1E3HjnhAvXA","refreshToken":"e8c43182-758e-4eaa-80db-dcf54c4844b9","newU...(truncated)
2025-12-28 16:37:08.470 [http-nio-8080-exec-10] INFO  API_LOG - [7e2eac61] ▶ POST /api/auth/logout
2025-12-28 16:37:08.484 [http-nio-8080-exec-10] INFO  API_LOG - [7e2eac61] ◀ 200 | 14ms | Body: {"success":true,"message":"로그아웃 성공"}
